{"/Users/alexandrepumpalovic/Desktop/Dev/projet/pecWebEtMobile/next/src/app/indexFirebase.ts": {"path":"/Users/alexandrepumpalovic/Desktop/Dev/projet/pecWebEtMobile/next/src/app/indexFirebase.ts","all":true,"statementMap":{"0":{"start":{"line":1,"column":0},"end":{"line":1,"column":50}},"1":{"start":{"line":2,"column":0},"end":{"line":2,"column":41}},"2":{"start":{"line":3,"column":0},"end":{"line":3,"column":42}},"3":{"start":{"line":4,"column":0},"end":{"line":4,"column":44}},"4":{"start":{"line":5,"column":0},"end":{"line":5,"column":50}},"5":{"start":{"line":6,"column":0},"end":{"line":6,"column":49}},"6":{"start":{"line":7,"column":0},"end":{"line":7,"column":45}},"7":{"start":{"line":8,"column":0},"end":{"line":8,"column":47}}},"s":{"0":0,"1":0,"2":0,"3":0,"4":0,"5":0,"6":0,"7":0},"branchMap":{"0":{"type":"branch","line":1,"loc":{"start":{"line":1,"column":0},"end":{"line":8,"column":47}},"locations":[{"start":{"line":1,"column":0},"end":{"line":8,"column":47}}]}},"b":{"0":[0]},"fnMap":{"0":{"name":"(empty-report)","decl":{"start":{"line":1,"column":0},"end":{"line":8,"column":47}},"loc":{"start":{"line":1,"column":0},"end":{"line":8,"column":47}},"line":1}},"f":{"0":0}}
,"/Users/alexandrepumpalovic/Desktop/Dev/projet/pecWebEtMobile/next/src/app/api/_lib/activityLogs.ts": {"path":"/Users/alexandrepumpalovic/Desktop/Dev/projet/pecWebEtMobile/next/src/app/api/_lib/activityLogs.ts","all":true,"statementMap":{"0":{"start":{"line":1,"column":0},"end":{"line":1,"column":35}},"1":{"start":{"line":2,"column":0},"end":{"line":2,"column":82}},"2":{"start":{"line":3,"column":0},"end":{"line":3,"column":0}},"3":{"start":{"line":4,"column":0},"end":{"line":4,"column":40}},"4":{"start":{"line":5,"column":0},"end":{"line":5,"column":0}},"5":{"start":{"line":6,"column":0},"end":{"line":6,"column":29}},"6":{"start":{"line":7,"column":0},"end":{"line":7,"column":14}},"7":{"start":{"line":8,"column":0},"end":{"line":8,"column":17}},"8":{"start":{"line":9,"column":0},"end":{"line":9,"column":2}},"9":{"start":{"line":10,"column":0},"end":{"line":10,"column":0}},"10":{"start":{"line":11,"column":0},"end":{"line":11,"column":53}},"11":{"start":{"line":12,"column":0},"end":{"line":12,"column":34}},"12":{"start":{"line":13,"column":0},"end":{"line":13,"column":21}},"13":{"start":{"line":14,"column":0},"end":{"line":14,"column":3}},"14":{"start":{"line":15,"column":0},"end":{"line":15,"column":31}},"15":{"start":{"line":16,"column":0},"end":{"line":16,"column":39}},"16":{"start":{"line":17,"column":0},"end":{"line":17,"column":2}},"17":{"start":{"line":18,"column":0},"end":{"line":18,"column":0}},"18":{"start":{"line":19,"column":0},"end":{"line":19,"column":53}},"19":{"start":{"line":20,"column":0},"end":{"line":20,"column":52}},"20":{"start":{"line":21,"column":0},"end":{"line":21,"column":20}},"21":{"start":{"line":22,"column":0},"end":{"line":22,"column":46}},"22":{"start":{"line":23,"column":0},"end":{"line":23,"column":3}},"23":{"start":{"line":24,"column":0},"end":{"line":24,"column":20}},"24":{"start":{"line":25,"column":0},"end":{"line":25,"column":2}},"25":{"start":{"line":26,"column":0},"end":{"line":26,"column":0}},"26":{"start":{"line":27,"column":0},"end":{"line":27,"column":78}},"27":{"start":{"line":28,"column":0},"end":{"line":28,"column":21}},"28":{"start":{"line":29,"column":0},"end":{"line":29,"column":71}},"29":{"start":{"line":30,"column":0},"end":{"line":30,"column":18}},"30":{"start":{"line":31,"column":0},"end":{"line":31,"column":0}},"31":{"start":{"line":32,"column":0},"end":{"line":32,"column":33}},"32":{"start":{"line":33,"column":0},"end":{"line":33,"column":0}},"33":{"start":{"line":34,"column":0},"end":{"line":34,"column":84}},"34":{"start":{"line":35,"column":0},"end":{"line":35,"column":74}},"35":{"start":{"line":36,"column":0},"end":{"line":36,"column":21}},"36":{"start":{"line":37,"column":0},"end":{"line":37,"column":3}},"37":{"start":{"line":38,"column":0},"end":{"line":38,"column":7}},"38":{"start":{"line":39,"column":0},"end":{"line":39,"column":40}},"39":{"start":{"line":40,"column":0},"end":{"line":40,"column":42}},"40":{"start":{"line":41,"column":0},"end":{"line":41,"column":14}},"41":{"start":{"line":42,"column":0},"end":{"line":42,"column":25}},"42":{"start":{"line":43,"column":0},"end":{"line":43,"column":36}},"43":{"start":{"line":44,"column":0},"end":{"line":44,"column":8}},"44":{"start":{"line":45,"column":0},"end":{"line":45,"column":5}},"45":{"start":{"line":46,"column":0},"end":{"line":46,"column":11}},"46":{"start":{"line":47,"column":0},"end":{"line":47,"column":21}},"47":{"start":{"line":48,"column":0},"end":{"line":48,"column":3}},"48":{"start":{"line":49,"column":0},"end":{"line":49,"column":44}},"49":{"start":{"line":50,"column":0},"end":{"line":50,"column":2}},"50":{"start":{"line":51,"column":0},"end":{"line":51,"column":0}},"51":{"start":{"line":52,"column":0},"end":{"line":52,"column":74}},"52":{"start":{"line":53,"column":0},"end":{"line":53,"column":94}},"53":{"start":{"line":54,"column":0},"end":{"line":54,"column":50}},"54":{"start":{"line":55,"column":0},"end":{"line":55,"column":29}},"55":{"start":{"line":56,"column":0},"end":{"line":56,"column":17}},"56":{"start":{"line":57,"column":0},"end":{"line":57,"column":3}},"57":{"start":{"line":58,"column":0},"end":{"line":58,"column":15}},"58":{"start":{"line":59,"column":0},"end":{"line":59,"column":2}},"59":{"start":{"line":60,"column":0},"end":{"line":60,"column":0}},"60":{"start":{"line":61,"column":0},"end":{"line":61,"column":60}},"61":{"start":{"line":62,"column":0},"end":{"line":62,"column":61}},"62":{"start":{"line":63,"column":0},"end":{"line":63,"column":0}},"63":{"start":{"line":64,"column":0},"end":{"line":64,"column":55}},"64":{"start":{"line":65,"column":0},"end":{"line":65,"column":84}},"65":{"start":{"line":66,"column":0},"end":{"line":66,"column":18}},"66":{"start":{"line":67,"column":0},"end":{"line":67,"column":50}},"67":{"start":{"line":68,"column":0},"end":{"line":68,"column":30}},"68":{"start":{"line":69,"column":0},"end":{"line":69,"column":3}},"69":{"start":{"line":70,"column":0},"end":{"line":70,"column":67}},"70":{"start":{"line":71,"column":0},"end":{"line":71,"column":2}},"71":{"start":{"line":72,"column":0},"end":{"line":72,"column":0}},"72":{"start":{"line":73,"column":0},"end":{"line":73,"column":64}},"73":{"start":{"line":74,"column":0},"end":{"line":74,"column":23}},"74":{"start":{"line":75,"column":0},"end":{"line":75,"column":68}},"75":{"start":{"line":76,"column":0},"end":{"line":76,"column":66}},"76":{"start":{"line":77,"column":0},"end":{"line":77,"column":23}},"77":{"start":{"line":78,"column":0},"end":{"line":78,"column":16}},"78":{"start":{"line":79,"column":0},"end":{"line":79,"column":3}},"79":{"start":{"line":80,"column":0},"end":{"line":80,"column":56}},"80":{"start":{"line":81,"column":0},"end":{"line":81,"column":53}},"81":{"start":{"line":82,"column":0},"end":{"line":82,"column":2}},"82":{"start":{"line":83,"column":0},"end":{"line":83,"column":0}},"83":{"start":{"line":84,"column":0},"end":{"line":84,"column":98}},"84":{"start":{"line":85,"column":0},"end":{"line":85,"column":51}},"85":{"start":{"line":86,"column":0},"end":{"line":86,"column":15}},"86":{"start":{"line":87,"column":0},"end":{"line":87,"column":16}},"87":{"start":{"line":88,"column":0},"end":{"line":88,"column":3}},"88":{"start":{"line":89,"column":0},"end":{"line":89,"column":68}},"89":{"start":{"line":90,"column":0},"end":{"line":90,"column":10}},"90":{"start":{"line":91,"column":0},"end":{"line":91,"column":21}},"91":{"start":{"line":92,"column":0},"end":{"line":92,"column":73}},"92":{"start":{"line":93,"column":0},"end":{"line":93,"column":4}},"93":{"start":{"line":94,"column":0},"end":{"line":94,"column":2}},"94":{"start":{"line":95,"column":0},"end":{"line":95,"column":0}},"95":{"start":{"line":96,"column":0},"end":{"line":96,"column":37}},"96":{"start":{"line":97,"column":0},"end":{"line":97,"column":17}},"97":{"start":{"line":98,"column":0},"end":{"line":98,"column":18}},"98":{"start":{"line":99,"column":0},"end":{"line":99,"column":21}},"99":{"start":{"line":100,"column":0},"end":{"line":100,"column":21}},"100":{"start":{"line":101,"column":0},"end":{"line":101,"column":21}},"101":{"start":{"line":102,"column":0},"end":{"line":102,"column":20}},"102":{"start":{"line":103,"column":0},"end":{"line":103,"column":20}},"103":{"start":{"line":104,"column":0},"end":{"line":104,"column":41}},"104":{"start":{"line":105,"column":0},"end":{"line":105,"column":14}},"105":{"start":{"line":106,"column":0},"end":{"line":106,"column":21}},"106":{"start":{"line":107,"column":0},"end":{"line":107,"column":24}},"107":{"start":{"line":108,"column":0},"end":{"line":108,"column":20}},"108":{"start":{"line":109,"column":0},"end":{"line":109,"column":2}},"109":{"start":{"line":110,"column":0},"end":{"line":110,"column":0}},"110":{"start":{"line":111,"column":0},"end":{"line":111,"column":47}},"111":{"start":{"line":112,"column":0},"end":{"line":112,"column":33}},"112":{"start":{"line":113,"column":0},"end":{"line":113,"column":21}},"113":{"start":{"line":114,"column":0},"end":{"line":114,"column":3}},"114":{"start":{"line":115,"column":0},"end":{"line":115,"column":33}},"115":{"start":{"line":116,"column":0},"end":{"line":116,"column":20}},"116":{"start":{"line":117,"column":0},"end":{"line":117,"column":21}},"117":{"start":{"line":118,"column":0},"end":{"line":118,"column":3}},"118":{"start":{"line":119,"column":0},"end":{"line":119,"column":62}},"119":{"start":{"line":120,"column":0},"end":{"line":120,"column":2}},"120":{"start":{"line":121,"column":0},"end":{"line":121,"column":0}},"121":{"start":{"line":122,"column":0},"end":{"line":122,"column":73}},"122":{"start":{"line":123,"column":0},"end":{"line":123,"column":48}},"123":{"start":{"line":124,"column":0},"end":{"line":124,"column":0}},"124":{"start":{"line":125,"column":0},"end":{"line":125,"column":57}},"125":{"start":{"line":126,"column":0},"end":{"line":126,"column":55}},"126":{"start":{"line":127,"column":0},"end":{"line":127,"column":63}},"127":{"start":{"line":128,"column":0},"end":{"line":128,"column":59}},"128":{"start":{"line":129,"column":0},"end":{"line":129,"column":34}},"129":{"start":{"line":130,"column":0},"end":{"line":130,"column":0}},"130":{"start":{"line":131,"column":0},"end":{"line":131,"column":54}},"131":{"start":{"line":132,"column":0},"end":{"line":132,"column":59}},"132":{"start":{"line":133,"column":0},"end":{"line":133,"column":57}},"133":{"start":{"line":134,"column":0},"end":{"line":134,"column":0}},"134":{"start":{"line":135,"column":0},"end":{"line":135,"column":46}},"135":{"start":{"line":136,"column":0},"end":{"line":136,"column":9}},"136":{"start":{"line":137,"column":0},"end":{"line":137,"column":85}},"137":{"start":{"line":138,"column":0},"end":{"line":138,"column":28}},"138":{"start":{"line":139,"column":0},"end":{"line":139,"column":43}},"139":{"start":{"line":140,"column":0},"end":{"line":140,"column":25}},"140":{"start":{"line":141,"column":0},"end":{"line":141,"column":64}},"141":{"start":{"line":142,"column":0},"end":{"line":142,"column":9}},"142":{"start":{"line":143,"column":0},"end":{"line":143,"column":25}},"143":{"start":{"line":144,"column":0},"end":{"line":144,"column":57}},"144":{"start":{"line":145,"column":0},"end":{"line":145,"column":9}},"145":{"start":{"line":146,"column":0},"end":{"line":146,"column":24}},"146":{"start":{"line":147,"column":0},"end":{"line":147,"column":60}},"147":{"start":{"line":148,"column":0},"end":{"line":148,"column":9}},"148":{"start":{"line":149,"column":0},"end":{"line":149,"column":7}},"149":{"start":{"line":150,"column":0},"end":{"line":150,"column":21}},"150":{"start":{"line":151,"column":0},"end":{"line":151,"column":86}},"151":{"start":{"line":152,"column":0},"end":{"line":152,"column":5}},"152":{"start":{"line":153,"column":0},"end":{"line":153,"column":3}},"153":{"start":{"line":154,"column":0},"end":{"line":154,"column":19}},"154":{"start":{"line":155,"column":0},"end":{"line":155,"column":25}},"155":{"start":{"line":156,"column":0},"end":{"line":156,"column":3}},"156":{"start":{"line":157,"column":0},"end":{"line":157,"column":0}},"157":{"start":{"line":158,"column":0},"end":{"line":158,"column":49}},"158":{"start":{"line":159,"column":0},"end":{"line":159,"column":39}},"159":{"start":{"line":160,"column":0},"end":{"line":160,"column":11}},"160":{"start":{"line":161,"column":0},"end":{"line":161,"column":12}},"161":{"start":{"line":162,"column":0},"end":{"line":162,"column":14}},"162":{"start":{"line":163,"column":0},"end":{"line":163,"column":14}},"163":{"start":{"line":164,"column":0},"end":{"line":164,"column":15}},"164":{"start":{"line":165,"column":0},"end":{"line":165,"column":13}},"165":{"start":{"line":166,"column":0},"end":{"line":166,"column":12}},"166":{"start":{"line":167,"column":0},"end":{"line":167,"column":79}},"167":{"start":{"line":168,"column":0},"end":{"line":168,"column":42}},"168":{"start":{"line":169,"column":0},"end":{"line":169,"column":56}},"169":{"start":{"line":170,"column":0},"end":{"line":170,"column":13}},"170":{"start":{"line":171,"column":0},"end":{"line":171,"column":13}},"171":{"start":{"line":172,"column":0},"end":{"line":172,"column":5}},"172":{"start":{"line":173,"column":0},"end":{"line":173,"column":0}},"173":{"start":{"line":174,"column":0},"end":{"line":174,"column":61}},"174":{"start":{"line":175,"column":0},"end":{"line":175,"column":2}}},"s":{"0":0,"1":0,"2":0,"3":0,"4":0,"5":0,"6":0,"7":0,"8":0,"9":0,"10":0,"11":0,"12":0,"13":0,"14":0,"15":0,"16":0,"17":0,"18":0,"19":0,"20":0,"21":0,"22":0,"23":0,"24":0,"25":0,"26":0,"27":0,"28":0,"29":0,"30":0,"31":0,"32":0,"33":0,"34":0,"35":0,"36":0,"37":0,"38":0,"39":0,"40":0,"41":0,"42":0,"43":0,"44":0,"45":0,"46":0,"47":0,"48":0,"49":0,"50":0,"51":0,"52":0,"53":0,"54":0,"55":0,"56":0,"57":0,"58":0,"59":0,"60":0,"61":0,"62":0,"63":0,"64":0,"65":0,"66":0,"67":0,"68":0,"69":0,"70":0,"71":0,"72":0,"73":0,"74":0,"75":0,"76":0,"77":0,"78":0,"79":0,"80":0,"81":0,"82":0,"83":0,"84":0,"85":0,"86":0,"87":0,"88":0,"89":0,"90":0,"91":0,"92":0,"93":0,"94":0,"95":0,"96":0,"97":0,"98":0,"99":0,"100":0,"101":0,"102":0,"103":0,"104":0,"105":0,"106":0,"107":0,"108":0,"109":0,"110":0,"111":0,"112":0,"113":0,"114":0,"115":0,"116":0,"117":0,"118":0,"119":0,"120":0,"121":0,"122":0,"123":0,"124":0,"125":0,"126":0,"127":0,"128":0,"129":0,"130":0,"131":0,"132":0,"133":0,"134":0,"135":0,"136":0,"137":0,"138":0,"139":0,"140":0,"141":0,"142":0,"143":0,"144":0,"145":0,"146":0,"147":0,"148":0,"149":0,"150":0,"151":0,"152":0,"153":0,"154":0,"155":0,"156":0,"157":0,"158":0,"159":0,"160":0,"161":0,"162":0,"163":0,"164":0,"165":0,"166":0,"167":0,"168":0,"169":0,"170":0,"171":0,"172":0,"173":0,"174":0},"branchMap":{"0":{"type":"branch","line":1,"loc":{"start":{"line":1,"column":0},"end":{"line":175,"column":2}},"locations":[{"start":{"line":1,"column":0},"end":{"line":175,"column":2}}]}},"b":{"0":[0]},"fnMap":{"0":{"name":"(empty-report)","decl":{"start":{"line":1,"column":0},"end":{"line":175,"column":2}},"loc":{"start":{"line":1,"column":0},"end":{"line":175,"column":2}},"line":1}},"f":{"0":0}}
,"/Users/alexandrepumpalovic/Desktop/Dev/projet/pecWebEtMobile/next/src/app/api/_lib/firebaseAdmin.ts": {"path":"/Users/alexandrepumpalovic/Desktop/Dev/projet/pecWebEtMobile/next/src/app/api/_lib/firebaseAdmin.ts","all":true,"statementMap":{"0":{"start":{"line":1,"column":0},"end":{"line":1,"column":35}},"1":{"start":{"line":2,"column":0},"end":{"line":2,"column":0}},"2":{"start":{"line":3,"column":0},"end":{"line":3,"column":43}},"3":{"start":{"line":4,"column":0},"end":{"line":4,"column":0}},"4":{"start":{"line":5,"column":0},"end":{"line":5,"column":46}},"5":{"start":{"line":6,"column":0},"end":{"line":6,"column":27}},"6":{"start":{"line":7,"column":0},"end":{"line":7,"column":24}},"7":{"start":{"line":8,"column":0},"end":{"line":8,"column":35}},"8":{"start":{"line":9,"column":0},"end":{"line":9,"column":43}},"9":{"start":{"line":10,"column":0},"end":{"line":10,"column":39}},"10":{"start":{"line":11,"column":0},"end":{"line":11,"column":34}},"11":{"start":{"line":12,"column":0},"end":{"line":12,"column":35}},"12":{"start":{"line":13,"column":0},"end":{"line":13,"column":20}},"13":{"start":{"line":14,"column":0},"end":{"line":14,"column":16}},"14":{"start":{"line":15,"column":0},"end":{"line":15,"column":17}},"15":{"start":{"line":16,"column":0},"end":{"line":16,"column":18}},"16":{"start":{"line":17,"column":0},"end":{"line":17,"column":18}},"17":{"start":{"line":18,"column":0},"end":{"line":18,"column":2}},"18":{"start":{"line":19,"column":0},"end":{"line":19,"column":0}},"19":{"start":{"line":20,"column":0},"end":{"line":20,"column":51}},"20":{"start":{"line":21,"column":0},"end":{"line":21,"column":27}},"21":{"start":{"line":22,"column":0},"end":{"line":22,"column":28}},"22":{"start":{"line":23,"column":0},"end":{"line":23,"column":28}},"23":{"start":{"line":24,"column":0},"end":{"line":24,"column":27}},"24":{"start":{"line":25,"column":0},"end":{"line":25,"column":3}},"25":{"start":{"line":26,"column":0},"end":{"line":26,"column":0}},"26":{"start":{"line":27,"column":0},"end":{"line":27,"column":22}},"27":{"start":{"line":28,"column":0},"end":{"line":28,"column":17}},"28":{"start":{"line":29,"column":0},"end":{"line":29,"column":20}},"29":{"start":{"line":30,"column":0},"end":{"line":30,"column":2}},"30":{"start":{"line":31,"column":0},"end":{"line":31,"column":0}},"31":{"start":{"line":32,"column":0},"end":{"line":32,"column":70}},"32":{"start":{"line":33,"column":0},"end":{"line":33,"column":34}},"33":{"start":{"line":34,"column":0},"end":{"line":34,"column":17}},"34":{"start":{"line":35,"column":0},"end":{"line":35,"column":3}},"35":{"start":{"line":36,"column":0},"end":{"line":36,"column":48}},"36":{"start":{"line":37,"column":0},"end":{"line":37,"column":79}},"37":{"start":{"line":38,"column":0},"end":{"line":38,"column":60}},"38":{"start":{"line":39,"column":0},"end":{"line":39,"column":16}},"39":{"start":{"line":40,"column":0},"end":{"line":40,"column":3}},"40":{"start":{"line":41,"column":0},"end":{"line":41,"column":0}},"41":{"start":{"line":42,"column":0},"end":{"line":42,"column":46}},"42":{"start":{"line":43,"column":0},"end":{"line":43,"column":91}},"43":{"start":{"line":44,"column":0},"end":{"line":44,"column":2}},"44":{"start":{"line":45,"column":0},"end":{"line":45,"column":0}},"45":{"start":{"line":46,"column":0},"end":{"line":46,"column":78}},"46":{"start":{"line":47,"column":0},"end":{"line":47,"column":46}},"47":{"start":{"line":48,"column":0},"end":{"line":48,"column":35}},"48":{"start":{"line":49,"column":0},"end":{"line":49,"column":3}},"49":{"start":{"line":50,"column":0},"end":{"line":50,"column":55}},"50":{"start":{"line":51,"column":0},"end":{"line":51,"column":69}},"51":{"start":{"line":52,"column":0},"end":{"line":52,"column":3}},"52":{"start":{"line":53,"column":0},"end":{"line":53,"column":41}},"53":{"start":{"line":54,"column":0},"end":{"line":54,"column":2}},"54":{"start":{"line":55,"column":0},"end":{"line":55,"column":0}},"55":{"start":{"line":56,"column":0},"end":{"line":56,"column":50}},"56":{"start":{"line":57,"column":0},"end":{"line":57,"column":98}},"57":{"start":{"line":58,"column":0},"end":{"line":58,"column":62}},"58":{"start":{"line":59,"column":0},"end":{"line":59,"column":2}},"59":{"start":{"line":60,"column":0},"end":{"line":60,"column":0}},"60":{"start":{"line":61,"column":0},"end":{"line":61,"column":79}},"61":{"start":{"line":62,"column":0},"end":{"line":62,"column":39}},"62":{"start":{"line":63,"column":0},"end":{"line":63,"column":37}},"63":{"start":{"line":64,"column":0},"end":{"line":64,"column":48}},"64":{"start":{"line":65,"column":0},"end":{"line":65,"column":48}},"65":{"start":{"line":66,"column":0},"end":{"line":66,"column":5}},"66":{"start":{"line":67,"column":0},"end":{"line":67,"column":45}},"67":{"start":{"line":68,"column":0},"end":{"line":68,"column":4}},"68":{"start":{"line":69,"column":0},"end":{"line":69,"column":0}},"69":{"start":{"line":70,"column":0},"end":{"line":70,"column":34}},"70":{"start":{"line":71,"column":0},"end":{"line":71,"column":17}},"71":{"start":{"line":72,"column":0},"end":{"line":72,"column":72}},"72":{"start":{"line":73,"column":0},"end":{"line":73,"column":3}},"73":{"start":{"line":74,"column":0},"end":{"line":74,"column":0}},"74":{"start":{"line":75,"column":0},"end":{"line":75,"column":7}},"75":{"start":{"line":76,"column":0},"end":{"line":76,"column":29}},"76":{"start":{"line":77,"column":0},"end":{"line":77,"column":11}},"77":{"start":{"line":78,"column":0},"end":{"line":78,"column":9}},"78":{"start":{"line":79,"column":0},"end":{"line":79,"column":77}},"79":{"start":{"line":80,"column":0},"end":{"line":80,"column":31}},"80":{"start":{"line":81,"column":0},"end":{"line":81,"column":13}},"81":{"start":{"line":82,"column":0},"end":{"line":82,"column":91}},"82":{"start":{"line":83,"column":0},"end":{"line":83,"column":5}},"83":{"start":{"line":84,"column":0},"end":{"line":84,"column":3}},"84":{"start":{"line":85,"column":0},"end":{"line":85,"column":2}},"85":{"start":{"line":86,"column":0},"end":{"line":86,"column":0}},"86":{"start":{"line":87,"column":0},"end":{"line":87,"column":32}},"87":{"start":{"line":88,"column":0},"end":{"line":88,"column":22}},"88":{"start":{"line":89,"column":0},"end":{"line":89,"column":36}},"89":{"start":{"line":90,"column":0},"end":{"line":90,"column":48}},"90":{"start":{"line":91,"column":0},"end":{"line":91,"column":37}},"91":{"start":{"line":92,"column":0},"end":{"line":92,"column":31}},"92":{"start":{"line":93,"column":0},"end":{"line":93,"column":4}},"93":{"start":{"line":94,"column":0},"end":{"line":94,"column":90}},"94":{"start":{"line":95,"column":0},"end":{"line":95,"column":40}},"95":{"start":{"line":96,"column":0},"end":{"line":96,"column":2}},"96":{"start":{"line":97,"column":0},"end":{"line":97,"column":0}},"97":{"start":{"line":98,"column":0},"end":{"line":98,"column":31}},"98":{"start":{"line":99,"column":0},"end":{"line":99,"column":42}},"99":{"start":{"line":100,"column":0},"end":{"line":100,"column":21}},"100":{"start":{"line":101,"column":0},"end":{"line":101,"column":13}},"101":{"start":{"line":102,"column":0},"end":{"line":102,"column":42}},"102":{"start":{"line":103,"column":0},"end":{"line":103,"column":69}},"103":{"start":{"line":104,"column":0},"end":{"line":104,"column":26}},"104":{"start":{"line":105,"column":0},"end":{"line":105,"column":61}},"105":{"start":{"line":106,"column":0},"end":{"line":106,"column":53}},"106":{"start":{"line":107,"column":0},"end":{"line":107,"column":65}},"107":{"start":{"line":108,"column":0},"end":{"line":108,"column":71}},"108":{"start":{"line":109,"column":0},"end":{"line":109,"column":91}},"109":{"start":{"line":110,"column":0},"end":{"line":110,"column":6}},"110":{"start":{"line":111,"column":0},"end":{"line":111,"column":21}},"111":{"start":{"line":112,"column":0},"end":{"line":112,"column":99}},"112":{"start":{"line":113,"column":0},"end":{"line":113,"column":12}},"113":{"start":{"line":114,"column":0},"end":{"line":114,"column":59}},"114":{"start":{"line":115,"column":0},"end":{"line":115,"column":16}},"115":{"start":{"line":116,"column":0},"end":{"line":116,"column":6}},"116":{"start":{"line":117,"column":0},"end":{"line":117,"column":3}},"117":{"start":{"line":118,"column":0},"end":{"line":118,"column":0}},"118":{"start":{"line":119,"column":0},"end":{"line":119,"column":7}},"119":{"start":{"line":120,"column":0},"end":{"line":120,"column":12}},"120":{"start":{"line":121,"column":0},"end":{"line":121,"column":56}},"121":{"start":{"line":122,"column":0},"end":{"line":122,"column":30}},"122":{"start":{"line":123,"column":0},"end":{"line":123,"column":6}},"123":{"start":{"line":124,"column":0},"end":{"line":124,"column":19}},"124":{"start":{"line":125,"column":0},"end":{"line":125,"column":93}},"125":{"start":{"line":126,"column":0},"end":{"line":126,"column":3}},"126":{"start":{"line":127,"column":0},"end":{"line":127,"column":0}},"127":{"start":{"line":128,"column":0},"end":{"line":128,"column":14}},"128":{"start":{"line":129,"column":0},"end":{"line":129,"column":2}},"129":{"start":{"line":130,"column":0},"end":{"line":130,"column":0}},"130":{"start":{"line":131,"column":0},"end":{"line":131,"column":57}},"131":{"start":{"line":132,"column":0},"end":{"line":132,"column":18}},"132":{"start":{"line":133,"column":0},"end":{"line":133,"column":21}},"133":{"start":{"line":134,"column":0},"end":{"line":134,"column":3}},"134":{"start":{"line":135,"column":0},"end":{"line":135,"column":26}},"135":{"start":{"line":136,"column":0},"end":{"line":136,"column":31}},"136":{"start":{"line":137,"column":0},"end":{"line":137,"column":21}},"137":{"start":{"line":138,"column":0},"end":{"line":138,"column":3}},"138":{"start":{"line":139,"column":0},"end":{"line":139,"column":0}},"139":{"start":{"line":140,"column":0},"end":{"line":140,"column":38}},"140":{"start":{"line":141,"column":0},"end":{"line":141,"column":29}},"141":{"start":{"line":142,"column":0},"end":{"line":142,"column":62}},"142":{"start":{"line":143,"column":0},"end":{"line":143,"column":3}},"143":{"start":{"line":144,"column":0},"end":{"line":144,"column":0}},"144":{"start":{"line":145,"column":0},"end":{"line":145,"column":35}},"145":{"start":{"line":146,"column":0},"end":{"line":146,"column":35}},"146":{"start":{"line":147,"column":0},"end":{"line":147,"column":33}},"147":{"start":{"line":148,"column":0},"end":{"line":148,"column":5}},"148":{"start":{"line":149,"column":0},"end":{"line":149,"column":19}},"149":{"start":{"line":150,"column":0},"end":{"line":150,"column":2}},"150":{"start":{"line":151,"column":0},"end":{"line":151,"column":0}},"151":{"start":{"line":152,"column":0},"end":{"line":152,"column":76}},"152":{"start":{"line":153,"column":0},"end":{"line":153,"column":0}},"153":{"start":{"line":154,"column":0},"end":{"line":154,"column":86}}},"s":{"0":0,"1":0,"2":0,"3":0,"4":0,"5":0,"6":0,"7":0,"8":0,"9":0,"10":0,"11":0,"12":0,"13":0,"14":0,"15":0,"16":0,"17":0,"18":0,"19":0,"20":0,"21":0,"22":0,"23":0,"24":0,"25":0,"26":0,"27":0,"28":0,"29":0,"30":0,"31":0,"32":0,"33":0,"34":0,"35":0,"36":0,"37":0,"38":0,"39":0,"40":0,"41":0,"42":0,"43":0,"44":0,"45":0,"46":0,"47":0,"48":0,"49":0,"50":0,"51":0,"52":0,"53":0,"54":0,"55":0,"56":0,"57":0,"58":0,"59":0,"60":0,"61":0,"62":0,"63":0,"64":0,"65":0,"66":0,"67":0,"68":0,"69":0,"70":0,"71":0,"72":0,"73":0,"74":0,"75":0,"76":0,"77":0,"78":0,"79":0,"80":0,"81":0,"82":0,"83":0,"84":0,"85":0,"86":0,"87":0,"88":0,"89":0,"90":0,"91":0,"92":0,"93":0,"94":0,"95":0,"96":0,"97":0,"98":0,"99":0,"100":0,"101":0,"102":0,"103":0,"104":0,"105":0,"106":0,"107":0,"108":0,"109":0,"110":0,"111":0,"112":0,"113":0,"114":0,"115":0,"116":0,"117":0,"118":0,"119":0,"120":0,"121":0,"122":0,"123":0,"124":0,"125":0,"126":0,"127":0,"128":0,"129":0,"130":0,"131":0,"132":0,"133":0,"134":0,"135":0,"136":0,"137":0,"138":0,"139":0,"140":0,"141":0,"142":0,"143":0,"144":0,"145":0,"146":0,"147":0,"148":0,"149":0,"150":0,"151":0,"152":0,"153":0},"branchMap":{"0":{"type":"branch","line":1,"loc":{"start":{"line":1,"column":0},"end":{"line":154,"column":86}},"locations":[{"start":{"line":1,"column":0},"end":{"line":154,"column":86}}]}},"b":{"0":[0]},"fnMap":{"0":{"name":"(empty-report)","decl":{"start":{"line":1,"column":0},"end":{"line":154,"column":86}},"loc":{"start":{"line":1,"column":0},"end":{"line":154,"column":86}},"line":1}},"f":{"0":0}}
,"/Users/alexandrepumpalovic/Desktop/Dev/projet/pecWebEtMobile/next/src/app/api/admin/metrics/probe/route.ts": {"path":"/Users/alexandrepumpalovic/Desktop/Dev/projet/pecWebEtMobile/next/src/app/api/admin/metrics/probe/route.ts","all":true,"statementMap":{"0":{"start":{"line":1,"column":0},"end":{"line":1,"column":43}},"1":{"start":{"line":2,"column":0},"end":{"line":2,"column":0}},"2":{"start":{"line":3,"column":0},"end":{"line":3,"column":32}},"3":{"start":{"line":4,"column":0},"end":{"line":4,"column":39}},"4":{"start":{"line":5,"column":0},"end":{"line":5,"column":28}},"5":{"start":{"line":6,"column":0},"end":{"line":6,"column":0}},"6":{"start":{"line":7,"column":0},"end":{"line":7,"column":26}},"7":{"start":{"line":8,"column":0},"end":{"line":8,"column":82}},"8":{"start":{"line":9,"column":0},"end":{"line":9,"column":79}},"9":{"start":{"line":10,"column":0},"end":{"line":10,"column":0}},"10":{"start":{"line":11,"column":0},"end":{"line":11,"column":47}},"11":{"start":{"line":12,"column":0},"end":{"line":12,"column":49}},"12":{"start":{"line":13,"column":0},"end":{"line":13,"column":7}},"13":{"start":{"line":14,"column":0},"end":{"line":14,"column":44}},"14":{"start":{"line":15,"column":0},"end":{"line":15,"column":62}},"15":{"start":{"line":16,"column":0},"end":{"line":16,"column":11}},"16":{"start":{"line":17,"column":0},"end":{"line":17,"column":32}},"17":{"start":{"line":18,"column":0},"end":{"line":18,"column":3}},"18":{"start":{"line":19,"column":0},"end":{"line":19,"column":0}},"19":{"start":{"line":20,"column":0},"end":{"line":20,"column":94}},"20":{"start":{"line":21,"column":0},"end":{"line":21,"column":87}},"21":{"start":{"line":22,"column":0},"end":{"line":22,"column":41}},"22":{"start":{"line":23,"column":0},"end":{"line":23,"column":2}},"23":{"start":{"line":24,"column":0},"end":{"line":24,"column":0}},"24":{"start":{"line":25,"column":0},"end":{"line":25,"column":54}},"25":{"start":{"line":26,"column":0},"end":{"line":26,"column":43}},"26":{"start":{"line":27,"column":0},"end":{"line":27,"column":61}},"27":{"start":{"line":28,"column":0},"end":{"line":28,"column":7}},"28":{"start":{"line":29,"column":0},"end":{"line":29,"column":42}},"29":{"start":{"line":30,"column":0},"end":{"line":30,"column":20}},"30":{"start":{"line":31,"column":0},"end":{"line":31,"column":24}},"31":{"start":{"line":32,"column":0},"end":{"line":32,"column":32}},"32":{"start":{"line":33,"column":0},"end":{"line":33,"column":16}},"33":{"start":{"line":34,"column":0},"end":{"line":34,"column":29}},"34":{"start":{"line":35,"column":0},"end":{"line":35,"column":8}},"35":{"start":{"line":36,"column":0},"end":{"line":36,"column":7}},"36":{"start":{"line":37,"column":0},"end":{"line":37,"column":20}},"37":{"start":{"line":38,"column":0},"end":{"line":38,"column":13}},"38":{"start":{"line":39,"column":0},"end":{"line":39,"column":26}},"39":{"start":{"line":40,"column":0},"end":{"line":40,"column":3}},"40":{"start":{"line":41,"column":0},"end":{"line":41,"column":2}},"41":{"start":{"line":42,"column":0},"end":{"line":42,"column":0}},"42":{"start":{"line":43,"column":0},"end":{"line":43,"column":70}},"43":{"start":{"line":44,"column":0},"end":{"line":44,"column":26}},"44":{"start":{"line":45,"column":0},"end":{"line":45,"column":16}},"45":{"start":{"line":46,"column":0},"end":{"line":46,"column":95}},"46":{"start":{"line":47,"column":0},"end":{"line":47,"column":14}},"47":{"start":{"line":48,"column":0},"end":{"line":48,"column":16}},"48":{"start":{"line":49,"column":0},"end":{"line":49,"column":3}},"49":{"start":{"line":50,"column":0},"end":{"line":50,"column":0}},"50":{"start":{"line":51,"column":0},"end":{"line":51,"column":42}},"51":{"start":{"line":52,"column":0},"end":{"line":52,"column":45}},"52":{"start":{"line":53,"column":0},"end":{"line":53,"column":33}},"53":{"start":{"line":54,"column":0},"end":{"line":54,"column":47}},"54":{"start":{"line":55,"column":0},"end":{"line":55,"column":2}},"55":{"start":{"line":56,"column":0},"end":{"line":56,"column":0}},"56":{"start":{"line":57,"column":0},"end":{"line":57,"column":45}},"57":{"start":{"line":58,"column":0},"end":{"line":58,"column":31}},"58":{"start":{"line":59,"column":0},"end":{"line":59,"column":48}},"59":{"start":{"line":60,"column":0},"end":{"line":60,"column":32}},"60":{"start":{"line":61,"column":0},"end":{"line":61,"column":7}},"61":{"start":{"line":62,"column":0},"end":{"line":62,"column":44}},"62":{"start":{"line":63,"column":0},"end":{"line":63,"column":62}},"63":{"start":{"line":64,"column":0},"end":{"line":64,"column":62}},"64":{"start":{"line":65,"column":0},"end":{"line":65,"column":11}},"65":{"start":{"line":66,"column":0},"end":{"line":66,"column":30}},"66":{"start":{"line":67,"column":0},"end":{"line":67,"column":3}},"67":{"start":{"line":68,"column":0},"end":{"line":68,"column":81}},"68":{"start":{"line":69,"column":0},"end":{"line":69,"column":0}},"69":{"start":{"line":70,"column":0},"end":{"line":70,"column":38}},"70":{"start":{"line":71,"column":0},"end":{"line":71,"column":9}},"71":{"start":{"line":72,"column":0},"end":{"line":72,"column":56}},"72":{"start":{"line":73,"column":0},"end":{"line":73,"column":25}},"73":{"start":{"line":74,"column":0},"end":{"line":74,"column":79}},"74":{"start":{"line":75,"column":0},"end":{"line":75,"column":23}},"75":{"start":{"line":76,"column":0},"end":{"line":76,"column":17}},"76":{"start":{"line":77,"column":0},"end":{"line":77,"column":34}},"77":{"start":{"line":78,"column":0},"end":{"line":78,"column":59}},"78":{"start":{"line":79,"column":0},"end":{"line":79,"column":11}},"79":{"start":{"line":80,"column":0},"end":{"line":80,"column":17}},"80":{"start":{"line":81,"column":0},"end":{"line":81,"column":7}},"81":{"start":{"line":82,"column":0},"end":{"line":82,"column":0}},"82":{"start":{"line":83,"column":0},"end":{"line":83,"column":48}},"83":{"start":{"line":84,"column":0},"end":{"line":84,"column":23}},"84":{"start":{"line":85,"column":0},"end":{"line":85,"column":93}},"85":{"start":{"line":86,"column":0},"end":{"line":86,"column":81}},"86":{"start":{"line":87,"column":0},"end":{"line":87,"column":77}},"87":{"start":{"line":88,"column":0},"end":{"line":88,"column":91}},"88":{"start":{"line":89,"column":0},"end":{"line":89,"column":8}},"89":{"start":{"line":90,"column":0},"end":{"line":90,"column":0}},"90":{"start":{"line":91,"column":0},"end":{"line":91,"column":51}},"91":{"start":{"line":92,"column":0},"end":{"line":92,"column":15}},"92":{"start":{"line":93,"column":0},"end":{"line":93,"column":43}},"93":{"start":{"line":94,"column":0},"end":{"line":94,"column":34}},"94":{"start":{"line":95,"column":0},"end":{"line":95,"column":16}},"95":{"start":{"line":96,"column":0},"end":{"line":96,"column":9}},"96":{"start":{"line":97,"column":0},"end":{"line":97,"column":0}},"97":{"start":{"line":98,"column":0},"end":{"line":98,"column":32}},"98":{"start":{"line":99,"column":0},"end":{"line":99,"column":17}},"99":{"start":{"line":100,"column":0},"end":{"line":100,"column":15}},"100":{"start":{"line":101,"column":0},"end":{"line":101,"column":43}},"101":{"start":{"line":102,"column":0},"end":{"line":102,"column":16}},"102":{"start":{"line":103,"column":0},"end":{"line":103,"column":66}},"103":{"start":{"line":104,"column":0},"end":{"line":104,"column":9}},"104":{"start":{"line":105,"column":0},"end":{"line":105,"column":21}},"105":{"start":{"line":106,"column":0},"end":{"line":106,"column":79}},"106":{"start":{"line":107,"column":0},"end":{"line":107,"column":21}},"107":{"start":{"line":108,"column":0},"end":{"line":108,"column":15}},"108":{"start":{"line":109,"column":0},"end":{"line":109,"column":23}},"109":{"start":{"line":110,"column":0},"end":{"line":110,"column":9}},"110":{"start":{"line":111,"column":0},"end":{"line":111,"column":5}},"111":{"start":{"line":112,"column":0},"end":{"line":112,"column":3}},"112":{"start":{"line":113,"column":0},"end":{"line":113,"column":0}},"113":{"start":{"line":114,"column":0},"end":{"line":114,"column":62}},"114":{"start":{"line":115,"column":0},"end":{"line":115,"column":39}},"115":{"start":{"line":116,"column":0},"end":{"line":116,"column":13}},"116":{"start":{"line":117,"column":0},"end":{"line":117,"column":5}},"117":{"start":{"line":118,"column":0},"end":{"line":118,"column":0}},"118":{"start":{"line":119,"column":0},"end":{"line":119,"column":27}},"119":{"start":{"line":120,"column":0},"end":{"line":120,"column":5}},"120":{"start":{"line":121,"column":0},"end":{"line":121,"column":16}},"121":{"start":{"line":122,"column":0},"end":{"line":122,"column":33}},"122":{"start":{"line":123,"column":0},"end":{"line":123,"column":28}},"123":{"start":{"line":124,"column":0},"end":{"line":124,"column":15}},"124":{"start":{"line":125,"column":0},"end":{"line":125,"column":44}},"125":{"start":{"line":126,"column":0},"end":{"line":126,"column":6}},"126":{"start":{"line":127,"column":0},"end":{"line":127,"column":20}},"127":{"start":{"line":128,"column":0},"end":{"line":128,"column":4}},"128":{"start":{"line":129,"column":0},"end":{"line":129,"column":1}}},"s":{"0":0,"1":0,"2":0,"3":0,"4":0,"5":0,"6":0,"7":0,"8":0,"9":0,"10":0,"11":0,"12":0,"13":0,"14":0,"15":0,"16":0,"17":0,"18":0,"19":0,"20":0,"21":0,"22":0,"23":0,"24":0,"25":0,"26":0,"27":0,"28":0,"29":0,"30":0,"31":0,"32":0,"33":0,"34":0,"35":0,"36":0,"37":0,"38":0,"39":0,"40":0,"41":0,"42":0,"43":0,"44":0,"45":0,"46":0,"47":0,"48":0,"49":0,"50":0,"51":0,"52":0,"53":0,"54":0,"55":0,"56":0,"57":0,"58":0,"59":0,"60":0,"61":0,"62":0,"63":0,"64":0,"65":0,"66":0,"67":0,"68":0,"69":0,"70":0,"71":0,"72":0,"73":0,"74":0,"75":0,"76":0,"77":0,"78":0,"79":0,"80":0,"81":0,"82":0,"83":0,"84":0,"85":0,"86":0,"87":0,"88":0,"89":0,"90":0,"91":0,"92":0,"93":0,"94":0,"95":0,"96":0,"97":0,"98":0,"99":0,"100":0,"101":0,"102":0,"103":0,"104":0,"105":0,"106":0,"107":0,"108":0,"109":0,"110":0,"111":0,"112":0,"113":0,"114":0,"115":0,"116":0,"117":0,"118":0,"119":0,"120":0,"121":0,"122":0,"123":0,"124":0,"125":0,"126":0,"127":0,"128":0},"branchMap":{"0":{"type":"branch","line":1,"loc":{"start":{"line":1,"column":0},"end":{"line":129,"column":1}},"locations":[{"start":{"line":1,"column":0},"end":{"line":129,"column":1}}]}},"b":{"0":[0]},"fnMap":{"0":{"name":"(empty-report)","decl":{"start":{"line":1,"column":0},"end":{"line":129,"column":1}},"loc":{"start":{"line":1,"column":0},"end":{"line":129,"column":1}},"line":1}},"f":{"0":0}}
,"/Users/alexandrepumpalovic/Desktop/Dev/projet/pecWebEtMobile/next/src/app/api/ai/avatar/[aiId]/route.ts": {"path":"/Users/alexandrepumpalovic/Desktop/Dev/projet/pecWebEtMobile/next/src/app/api/ai/avatar/[aiId]/route.ts","all":true,"statementMap":{"0":{"start":{"line":1,"column":0},"end":{"line":1,"column":43}},"1":{"start":{"line":2,"column":0},"end":{"line":2,"column":8}},"2":{"start":{"line":3,"column":0},"end":{"line":3,"column":44}},"3":{"start":{"line":4,"column":0},"end":{"line":4,"column":28}},"4":{"start":{"line":5,"column":0},"end":{"line":5,"column":36}},"5":{"start":{"line":6,"column":0},"end":{"line":6,"column":37}},"6":{"start":{"line":7,"column":0},"end":{"line":7,"column":0}},"7":{"start":{"line":8,"column":0},"end":{"line":8,"column":32}},"8":{"start":{"line":9,"column":0},"end":{"line":9,"column":0}},"9":{"start":{"line":10,"column":0},"end":{"line":10,"column":54}},"10":{"start":{"line":11,"column":0},"end":{"line":11,"column":15}},"11":{"start":{"line":12,"column":0},"end":{"line":12,"column":16}},"12":{"start":{"line":13,"column":0},"end":{"line":13,"column":3}},"13":{"start":{"line":14,"column":0},"end":{"line":14,"column":32}},"14":{"start":{"line":15,"column":0},"end":{"line":15,"column":17}},"15":{"start":{"line":16,"column":0},"end":{"line":16,"column":3}},"16":{"start":{"line":17,"column":0},"end":{"line":17,"column":36}},"17":{"start":{"line":18,"column":0},"end":{"line":18,"column":30}},"18":{"start":{"line":19,"column":0},"end":{"line":19,"column":3}},"19":{"start":{"line":20,"column":0},"end":{"line":20,"column":6}},"20":{"start":{"line":21,"column":0},"end":{"line":21,"column":32}},"21":{"start":{"line":22,"column":0},"end":{"line":22,"column":68}},"22":{"start":{"line":23,"column":0},"end":{"line":23,"column":5}},"23":{"start":{"line":24,"column":0},"end":{"line":24,"column":9}},"24":{"start":{"line":25,"column":0},"end":{"line":25,"column":62}},"25":{"start":{"line":26,"column":0},"end":{"line":26,"column":13}},"26":{"start":{"line":27,"column":0},"end":{"line":27,"column":18}},"27":{"start":{"line":28,"column":0},"end":{"line":28,"column":5}},"28":{"start":{"line":29,"column":0},"end":{"line":29,"column":3}},"29":{"start":{"line":30,"column":0},"end":{"line":30,"column":14}},"30":{"start":{"line":31,"column":0},"end":{"line":31,"column":2}},"31":{"start":{"line":32,"column":0},"end":{"line":32,"column":0}},"32":{"start":{"line":33,"column":0},"end":{"line":33,"column":97}},"33":{"start":{"line":34,"column":0},"end":{"line":34,"column":7}},"34":{"start":{"line":35,"column":0},"end":{"line":35,"column":40}},"35":{"start":{"line":36,"column":0},"end":{"line":36,"column":92}},"36":{"start":{"line":37,"column":0},"end":{"line":37,"column":16}},"37":{"start":{"line":38,"column":0},"end":{"line":38,"column":82}},"38":{"start":{"line":39,"column":0},"end":{"line":39,"column":5}},"39":{"start":{"line":40,"column":0},"end":{"line":40,"column":0}},"40":{"start":{"line":41,"column":0},"end":{"line":41,"column":50}},"41":{"start":{"line":42,"column":0},"end":{"line":42,"column":102}},"42":{"start":{"line":43,"column":0},"end":{"line":43,"column":45}},"43":{"start":{"line":44,"column":0},"end":{"line":44,"column":29}},"44":{"start":{"line":45,"column":0},"end":{"line":45,"column":82}},"45":{"start":{"line":46,"column":0},"end":{"line":46,"column":5}},"46":{"start":{"line":47,"column":0},"end":{"line":47,"column":0}},"47":{"start":{"line":48,"column":0},"end":{"line":48,"column":47}},"48":{"start":{"line":49,"column":0},"end":{"line":49,"column":23}},"49":{"start":{"line":50,"column":0},"end":{"line":50,"column":81}},"50":{"start":{"line":51,"column":0},"end":{"line":51,"column":39}},"51":{"start":{"line":52,"column":0},"end":{"line":52,"column":22}},"52":{"start":{"line":53,"column":0},"end":{"line":53,"column":93}},"53":{"start":{"line":54,"column":0},"end":{"line":54,"column":18}},"54":{"start":{"line":55,"column":0},"end":{"line":55,"column":71}},"55":{"start":{"line":56,"column":0},"end":{"line":56,"column":34}},"56":{"start":{"line":57,"column":0},"end":{"line":57,"column":15}},"57":{"start":{"line":58,"column":0},"end":{"line":58,"column":0}},"58":{"start":{"line":59,"column":0},"end":{"line":59,"column":26}},"59":{"start":{"line":60,"column":0},"end":{"line":60,"column":82}},"60":{"start":{"line":61,"column":0},"end":{"line":61,"column":5}},"61":{"start":{"line":62,"column":0},"end":{"line":62,"column":0}},"62":{"start":{"line":63,"column":0},"end":{"line":63,"column":47}},"63":{"start":{"line":64,"column":0},"end":{"line":64,"column":61}},"64":{"start":{"line":65,"column":0},"end":{"line":65,"column":54}},"65":{"start":{"line":66,"column":0},"end":{"line":66,"column":33}},"66":{"start":{"line":67,"column":0},"end":{"line":67,"column":20}},"67":{"start":{"line":68,"column":0},"end":{"line":68,"column":18}},"68":{"start":{"line":69,"column":0},"end":{"line":69,"column":21}},"69":{"start":{"line":70,"column":0},"end":{"line":70,"column":65}},"70":{"start":{"line":71,"column":0},"end":{"line":71,"column":10}},"71":{"start":{"line":72,"column":0},"end":{"line":72,"column":9}},"72":{"start":{"line":73,"column":0},"end":{"line":73,"column":5}},"73":{"start":{"line":74,"column":0},"end":{"line":74,"column":0}},"74":{"start":{"line":75,"column":0},"end":{"line":75,"column":37}},"75":{"start":{"line":76,"column":0},"end":{"line":76,"column":62}},"76":{"start":{"line":77,"column":0},"end":{"line":77,"column":66}},"77":{"start":{"line":78,"column":0},"end":{"line":78,"column":65}},"78":{"start":{"line":79,"column":0},"end":{"line":79,"column":9}},"79":{"start":{"line":80,"column":0},"end":{"line":80,"column":6}},"80":{"start":{"line":81,"column":0},"end":{"line":81,"column":33}},"81":{"start":{"line":82,"column":0},"end":{"line":82,"column":37}},"82":{"start":{"line":83,"column":0},"end":{"line":83,"column":30}},"83":{"start":{"line":84,"column":0},"end":{"line":84,"column":84}},"84":{"start":{"line":85,"column":0},"end":{"line":85,"column":7}},"85":{"start":{"line":86,"column":0},"end":{"line":86,"column":69}},"86":{"start":{"line":87,"column":0},"end":{"line":87,"column":19}},"87":{"start":{"line":88,"column":0},"end":{"line":88,"column":84}},"88":{"start":{"line":89,"column":0},"end":{"line":89,"column":7}},"89":{"start":{"line":90,"column":0},"end":{"line":90,"column":26}},"90":{"start":{"line":91,"column":0},"end":{"line":91,"column":5}},"91":{"start":{"line":92,"column":0},"end":{"line":92,"column":0}},"92":{"start":{"line":93,"column":0},"end":{"line":93,"column":43}},"93":{"start":{"line":94,"column":0},"end":{"line":94,"column":0}},"94":{"start":{"line":95,"column":0},"end":{"line":95,"column":34}},"95":{"start":{"line":96,"column":0},"end":{"line":96,"column":18}},"96":{"start":{"line":97,"column":0},"end":{"line":97,"column":16}},"97":{"start":{"line":98,"column":0},"end":{"line":98,"column":36}},"98":{"start":{"line":99,"column":0},"end":{"line":99,"column":63}},"99":{"start":{"line":100,"column":0},"end":{"line":100,"column":40}},"100":{"start":{"line":101,"column":0},"end":{"line":101,"column":8}},"101":{"start":{"line":102,"column":0},"end":{"line":102,"column":7}},"102":{"start":{"line":103,"column":0},"end":{"line":103,"column":19}},"103":{"start":{"line":104,"column":0},"end":{"line":104,"column":51}},"104":{"start":{"line":105,"column":0},"end":{"line":105,"column":86}},"105":{"start":{"line":106,"column":0},"end":{"line":106,"column":31}},"106":{"start":{"line":107,"column":0},"end":{"line":107,"column":68}},"107":{"start":{"line":108,"column":0},"end":{"line":108,"column":24}},"108":{"start":{"line":109,"column":0},"end":{"line":109,"column":8}},"109":{"start":{"line":110,"column":0},"end":{"line":110,"column":5}},"110":{"start":{"line":111,"column":0},"end":{"line":111,"column":45}},"111":{"start":{"line":112,"column":0},"end":{"line":112,"column":81}},"112":{"start":{"line":113,"column":0},"end":{"line":113,"column":29}},"113":{"start":{"line":114,"column":0},"end":{"line":114,"column":7}},"114":{"start":{"line":115,"column":0},"end":{"line":115,"column":85}},"115":{"start":{"line":116,"column":0},"end":{"line":116,"column":8}},"116":{"start":{"line":117,"column":0},"end":{"line":117,"column":22}},"117":{"start":{"line":118,"column":0},"end":{"line":118,"column":6}},"118":{"start":{"line":119,"column":0},"end":{"line":119,"column":3}},"119":{"start":{"line":120,"column":0},"end":{"line":120,"column":1}}},"s":{"0":0,"1":0,"2":0,"3":0,"4":0,"5":0,"6":0,"7":0,"8":0,"9":0,"10":0,"11":0,"12":0,"13":0,"14":0,"15":0,"16":0,"17":0,"18":0,"19":0,"20":0,"21":0,"22":0,"23":0,"24":0,"25":0,"26":0,"27":0,"28":0,"29":0,"30":0,"31":0,"32":0,"33":0,"34":0,"35":0,"36":0,"37":0,"38":0,"39":0,"40":0,"41":0,"42":0,"43":0,"44":0,"45":0,"46":0,"47":0,"48":0,"49":0,"50":0,"51":0,"52":0,"53":0,"54":0,"55":0,"56":0,"57":0,"58":0,"59":0,"60":0,"61":0,"62":0,"63":0,"64":0,"65":0,"66":0,"67":0,"68":0,"69":0,"70":0,"71":0,"72":0,"73":0,"74":0,"75":0,"76":0,"77":0,"78":0,"79":0,"80":0,"81":0,"82":0,"83":0,"84":0,"85":0,"86":0,"87":0,"88":0,"89":0,"90":0,"91":0,"92":0,"93":0,"94":0,"95":0,"96":0,"97":0,"98":0,"99":0,"100":0,"101":0,"102":0,"103":0,"104":0,"105":0,"106":0,"107":0,"108":0,"109":0,"110":0,"111":0,"112":0,"113":0,"114":0,"115":0,"116":0,"117":0,"118":0,"119":0},"branchMap":{"0":{"type":"branch","line":1,"loc":{"start":{"line":1,"column":0},"end":{"line":120,"column":1}},"locations":[{"start":{"line":1,"column":0},"end":{"line":120,"column":1}}]}},"b":{"0":[0]},"fnMap":{"0":{"name":"(empty-report)","decl":{"start":{"line":1,"column":0},"end":{"line":120,"column":1}},"loc":{"start":{"line":1,"column":0},"end":{"line":120,"column":1}},"line":1}},"f":{"0":0}}
,"/Users/alexandrepumpalovic/Desktop/Dev/projet/pecWebEtMobile/next/src/app/api/ai/image/route.ts": {"path":"/Users/alexandrepumpalovic/Desktop/Dev/projet/pecWebEtMobile/next/src/app/api/ai/image/route.ts","all":true,"statementMap":{"0":{"start":{"line":1,"column":0},"end":{"line":1,"column":43}},"1":{"start":{"line":2,"column":0},"end":{"line":2,"column":29}},"2":{"start":{"line":3,"column":0},"end":{"line":3,"column":25}},"3":{"start":{"line":4,"column":0},"end":{"line":4,"column":41}},"4":{"start":{"line":5,"column":0},"end":{"line":5,"column":33}},"5":{"start":{"line":6,"column":0},"end":{"line":6,"column":35}},"6":{"start":{"line":7,"column":0},"end":{"line":7,"column":8}},"7":{"start":{"line":8,"column":0},"end":{"line":8,"column":19}},"8":{"start":{"line":9,"column":0},"end":{"line":9,"column":25}},"9":{"start":{"line":10,"column":0},"end":{"line":10,"column":26}},"10":{"start":{"line":11,"column":0},"end":{"line":11,"column":25}},"11":{"start":{"line":12,"column":0},"end":{"line":12,"column":19}},"12":{"start":{"line":13,"column":0},"end":{"line":13,"column":33}},"13":{"start":{"line":14,"column":0},"end":{"line":14,"column":90}},"14":{"start":{"line":15,"column":0},"end":{"line":15,"column":0}},"15":{"start":{"line":16,"column":0},"end":{"line":16,"column":32}},"16":{"start":{"line":17,"column":0},"end":{"line":17,"column":0}},"17":{"start":{"line":18,"column":0},"end":{"line":18,"column":18}},"18":{"start":{"line":19,"column":0},"end":{"line":19,"column":13}},"19":{"start":{"line":20,"column":0},"end":{"line":20,"column":16}},"20":{"start":{"line":21,"column":0},"end":{"line":21,"column":21}},"21":{"start":{"line":22,"column":0},"end":{"line":22,"column":25}},"22":{"start":{"line":23,"column":0},"end":{"line":23,"column":20}},"23":{"start":{"line":24,"column":0},"end":{"line":24,"column":23}},"24":{"start":{"line":25,"column":0},"end":{"line":25,"column":18}},"25":{"start":{"line":26,"column":0},"end":{"line":26,"column":10}},"26":{"start":{"line":27,"column":0},"end":{"line":27,"column":20}},"27":{"start":{"line":28,"column":0},"end":{"line":28,"column":18}},"28":{"start":{"line":29,"column":0},"end":{"line":29,"column":18}},"29":{"start":{"line":30,"column":0},"end":{"line":30,"column":20}},"30":{"start":{"line":31,"column":0},"end":{"line":31,"column":23}},"31":{"start":{"line":32,"column":0},"end":{"line":32,"column":21}},"32":{"start":{"line":33,"column":0},"end":{"line":33,"column":4}},"33":{"start":{"line":34,"column":0},"end":{"line":34,"column":2}},"34":{"start":{"line":35,"column":0},"end":{"line":35,"column":0}},"35":{"start":{"line":36,"column":0},"end":{"line":36,"column":97}},"36":{"start":{"line":37,"column":0},"end":{"line":37,"column":0}},"37":{"start":{"line":38,"column":0},"end":{"line":38,"column":66}},"38":{"start":{"line":39,"column":0},"end":{"line":39,"column":0}},"39":{"start":{"line":40,"column":0},"end":{"line":40,"column":60}},"40":{"start":{"line":41,"column":0},"end":{"line":41,"column":49}},"41":{"start":{"line":42,"column":0},"end":{"line":42,"column":31}},"42":{"start":{"line":43,"column":0},"end":{"line":43,"column":18}},"43":{"start":{"line":44,"column":0},"end":{"line":44,"column":3}},"44":{"start":{"line":45,"column":0},"end":{"line":45,"column":31}},"45":{"start":{"line":46,"column":0},"end":{"line":46,"column":18}},"46":{"start":{"line":47,"column":0},"end":{"line":47,"column":3}},"47":{"start":{"line":48,"column":0},"end":{"line":48,"column":30}},"48":{"start":{"line":49,"column":0},"end":{"line":49,"column":17}},"49":{"start":{"line":50,"column":0},"end":{"line":50,"column":3}},"50":{"start":{"line":51,"column":0},"end":{"line":51,"column":30}},"51":{"start":{"line":52,"column":0},"end":{"line":52,"column":17}},"52":{"start":{"line":53,"column":0},"end":{"line":53,"column":3}},"53":{"start":{"line":54,"column":0},"end":{"line":54,"column":15}},"54":{"start":{"line":55,"column":0},"end":{"line":55,"column":2}},"55":{"start":{"line":56,"column":0},"end":{"line":56,"column":0}},"56":{"start":{"line":57,"column":0},"end":{"line":57,"column":87}},"57":{"start":{"line":58,"column":0},"end":{"line":58,"column":55}},"58":{"start":{"line":59,"column":0},"end":{"line":59,"column":56}},"59":{"start":{"line":60,"column":0},"end":{"line":60,"column":56}},"60":{"start":{"line":61,"column":0},"end":{"line":61,"column":39}},"61":{"start":{"line":62,"column":0},"end":{"line":62,"column":18}},"62":{"start":{"line":63,"column":0},"end":{"line":63,"column":2}},"63":{"start":{"line":64,"column":0},"end":{"line":64,"column":0}},"64":{"start":{"line":65,"column":0},"end":{"line":65,"column":49}},"65":{"start":{"line":66,"column":0},"end":{"line":66,"column":55}},"66":{"start":{"line":67,"column":0},"end":{"line":67,"column":0}},"67":{"start":{"line":68,"column":0},"end":{"line":68,"column":40}},"68":{"start":{"line":69,"column":0},"end":{"line":69,"column":22}},"69":{"start":{"line":70,"column":0},"end":{"line":70,"column":40}},"70":{"start":{"line":71,"column":0},"end":{"line":71,"column":52}},"71":{"start":{"line":72,"column":0},"end":{"line":72,"column":4}},"72":{"start":{"line":73,"column":0},"end":{"line":73,"column":91}},"73":{"start":{"line":74,"column":0},"end":{"line":74,"column":27}},"74":{"start":{"line":75,"column":0},"end":{"line":75,"column":29}},"75":{"start":{"line":76,"column":0},"end":{"line":76,"column":3}},"76":{"start":{"line":77,"column":0},"end":{"line":77,"column":0}},"77":{"start":{"line":78,"column":0},"end":{"line":78,"column":31}},"78":{"start":{"line":79,"column":0},"end":{"line":79,"column":36}},"79":{"start":{"line":80,"column":0},"end":{"line":80,"column":48}},"80":{"start":{"line":81,"column":0},"end":{"line":81,"column":4}},"81":{"start":{"line":82,"column":0},"end":{"line":82,"column":99}},"82":{"start":{"line":83,"column":0},"end":{"line":83,"column":26}},"83":{"start":{"line":84,"column":0},"end":{"line":84,"column":45}},"84":{"start":{"line":85,"column":0},"end":{"line":85,"column":3}},"85":{"start":{"line":86,"column":0},"end":{"line":86,"column":0}},"86":{"start":{"line":87,"column":0},"end":{"line":87,"column":14}},"87":{"start":{"line":88,"column":0},"end":{"line":88,"column":2}},"88":{"start":{"line":89,"column":0},"end":{"line":89,"column":0}},"89":{"start":{"line":90,"column":0},"end":{"line":90,"column":64}},"90":{"start":{"line":91,"column":0},"end":{"line":91,"column":34}},"91":{"start":{"line":92,"column":0},"end":{"line":92,"column":0}},"92":{"start":{"line":93,"column":0},"end":{"line":93,"column":52}},"93":{"start":{"line":94,"column":0},"end":{"line":94,"column":83}},"94":{"start":{"line":95,"column":0},"end":{"line":95,"column":3}},"95":{"start":{"line":96,"column":0},"end":{"line":96,"column":0}},"96":{"start":{"line":97,"column":0},"end":{"line":97,"column":31}},"97":{"start":{"line":98,"column":0},"end":{"line":98,"column":36}},"98":{"start":{"line":99,"column":0},"end":{"line":99,"column":48}},"99":{"start":{"line":100,"column":0},"end":{"line":100,"column":4}},"100":{"start":{"line":101,"column":0},"end":{"line":101,"column":99}},"101":{"start":{"line":102,"column":0},"end":{"line":102,"column":26}},"102":{"start":{"line":103,"column":0},"end":{"line":103,"column":55}},"103":{"start":{"line":104,"column":0},"end":{"line":104,"column":3}},"104":{"start":{"line":105,"column":0},"end":{"line":105,"column":0}},"105":{"start":{"line":106,"column":0},"end":{"line":106,"column":79}},"106":{"start":{"line":107,"column":0},"end":{"line":107,"column":2}},"107":{"start":{"line":108,"column":0},"end":{"line":108,"column":0}},"108":{"start":{"line":109,"column":0},"end":{"line":109,"column":47}},"109":{"start":{"line":110,"column":0},"end":{"line":110,"column":44}},"110":{"start":{"line":111,"column":0},"end":{"line":111,"column":21}},"111":{"start":{"line":112,"column":0},"end":{"line":112,"column":3}},"112":{"start":{"line":113,"column":0},"end":{"line":113,"column":52}},"113":{"start":{"line":114,"column":0},"end":{"line":114,"column":81}},"114":{"start":{"line":115,"column":0},"end":{"line":115,"column":45}},"115":{"start":{"line":116,"column":0},"end":{"line":116,"column":40}},"116":{"start":{"line":117,"column":0},"end":{"line":117,"column":23}},"117":{"start":{"line":118,"column":0},"end":{"line":118,"column":5}},"118":{"start":{"line":119,"column":0},"end":{"line":119,"column":3}},"119":{"start":{"line":120,"column":0},"end":{"line":120,"column":37}},"120":{"start":{"line":121,"column":0},"end":{"line":121,"column":6}},"121":{"start":{"line":122,"column":0},"end":{"line":122,"column":15}},"122":{"start":{"line":123,"column":0},"end":{"line":123,"column":35}},"123":{"start":{"line":124,"column":0},"end":{"line":124,"column":65}},"124":{"start":{"line":125,"column":0},"end":{"line":125,"column":5}},"125":{"start":{"line":126,"column":0},"end":{"line":126,"column":51}},"126":{"start":{"line":127,"column":0},"end":{"line":127,"column":3}},"127":{"start":{"line":128,"column":0},"end":{"line":128,"column":19}},"128":{"start":{"line":129,"column":0},"end":{"line":129,"column":2}},"129":{"start":{"line":130,"column":0},"end":{"line":130,"column":0}},"130":{"start":{"line":131,"column":0},"end":{"line":131,"column":35}},"131":{"start":{"line":132,"column":0},"end":{"line":132,"column":13}},"132":{"start":{"line":133,"column":0},"end":{"line":133,"column":11}},"133":{"start":{"line":134,"column":0},"end":{"line":134,"column":8}},"134":{"start":{"line":135,"column":0},"end":{"line":135,"column":4}},"135":{"start":{"line":136,"column":0},"end":{"line":136,"column":21}},"136":{"start":{"line":137,"column":0},"end":{"line":137,"column":19}},"137":{"start":{"line":138,"column":0},"end":{"line":138,"column":16}},"138":{"start":{"line":139,"column":0},"end":{"line":139,"column":7}},"139":{"start":{"line":140,"column":0},"end":{"line":140,"column":51}},"140":{"start":{"line":141,"column":0},"end":{"line":141,"column":111}},"141":{"start":{"line":142,"column":0},"end":{"line":142,"column":2}},"142":{"start":{"line":143,"column":0},"end":{"line":143,"column":0}},"143":{"start":{"line":144,"column":0},"end":{"line":144,"column":45}},"144":{"start":{"line":145,"column":0},"end":{"line":145,"column":17}},"145":{"start":{"line":146,"column":0},"end":{"line":146,"column":15}},"146":{"start":{"line":147,"column":0},"end":{"line":147,"column":23}},"147":{"start":{"line":148,"column":0},"end":{"line":148,"column":30}},"148":{"start":{"line":149,"column":0},"end":{"line":149,"column":48}},"149":{"start":{"line":150,"column":0},"end":{"line":150,"column":20}},"150":{"start":{"line":151,"column":0},"end":{"line":151,"column":16}},"151":{"start":{"line":152,"column":0},"end":{"line":152,"column":3}},"152":{"start":{"line":153,"column":0},"end":{"line":153,"column":36}},"153":{"start":{"line":154,"column":0},"end":{"line":154,"column":58}},"154":{"start":{"line":155,"column":0},"end":{"line":155,"column":67}},"155":{"start":{"line":156,"column":0},"end":{"line":156,"column":0}},"156":{"start":{"line":157,"column":0},"end":{"line":157,"column":64}},"157":{"start":{"line":158,"column":0},"end":{"line":158,"column":43}},"158":{"start":{"line":159,"column":0},"end":{"line":159,"column":60}},"159":{"start":{"line":160,"column":0},"end":{"line":160,"column":39}},"160":{"start":{"line":161,"column":0},"end":{"line":161,"column":46}},"161":{"start":{"line":162,"column":0},"end":{"line":162,"column":0}},"162":{"start":{"line":163,"column":0},"end":{"line":163,"column":9}},"163":{"start":{"line":164,"column":0},"end":{"line":164,"column":31}},"164":{"start":{"line":165,"column":0},"end":{"line":165,"column":19}},"165":{"start":{"line":166,"column":0},"end":{"line":166,"column":50}},"166":{"start":{"line":167,"column":0},"end":{"line":167,"column":21}},"167":{"start":{"line":168,"column":0},"end":{"line":168,"column":57}},"168":{"start":{"line":169,"column":0},"end":{"line":169,"column":12}},"169":{"start":{"line":170,"column":0},"end":{"line":170,"column":10}},"170":{"start":{"line":171,"column":0},"end":{"line":171,"column":9}},"171":{"start":{"line":172,"column":0},"end":{"line":172,"column":39}},"172":{"start":{"line":173,"column":0},"end":{"line":173,"column":32}},"173":{"start":{"line":174,"column":0},"end":{"line":174,"column":28}},"174":{"start":{"line":175,"column":0},"end":{"line":175,"column":29}},"175":{"start":{"line":176,"column":0},"end":{"line":176,"column":9}},"176":{"start":{"line":177,"column":0},"end":{"line":177,"column":21}},"177":{"start":{"line":178,"column":0},"end":{"line":178,"column":46}},"178":{"start":{"line":179,"column":0},"end":{"line":179,"column":30}},"179":{"start":{"line":180,"column":0},"end":{"line":180,"column":25}},"180":{"start":{"line":181,"column":0},"end":{"line":181,"column":31}},"181":{"start":{"line":182,"column":0},"end":{"line":182,"column":61}},"182":{"start":{"line":183,"column":0},"end":{"line":183,"column":66}},"183":{"start":{"line":184,"column":0},"end":{"line":184,"column":19}},"184":{"start":{"line":185,"column":0},"end":{"line":185,"column":0}},"185":{"start":{"line":186,"column":0},"end":{"line":186,"column":29}},"186":{"start":{"line":187,"column":0},"end":{"line":187,"column":87}},"187":{"start":{"line":188,"column":0},"end":{"line":188,"column":32}},"188":{"start":{"line":189,"column":0},"end":{"line":189,"column":17}},"189":{"start":{"line":190,"column":0},"end":{"line":190,"column":11}},"190":{"start":{"line":191,"column":0},"end":{"line":191,"column":17}},"191":{"start":{"line":192,"column":0},"end":{"line":192,"column":7}},"192":{"start":{"line":193,"column":0},"end":{"line":193,"column":0}},"193":{"start":{"line":194,"column":0},"end":{"line":194,"column":20}},"194":{"start":{"line":195,"column":0},"end":{"line":195,"column":51}},"195":{"start":{"line":196,"column":0},"end":{"line":196,"column":42}},"196":{"start":{"line":197,"column":0},"end":{"line":197,"column":14}},"197":{"start":{"line":198,"column":0},"end":{"line":198,"column":8}},"198":{"start":{"line":199,"column":0},"end":{"line":199,"column":18}},"199":{"start":{"line":200,"column":0},"end":{"line":200,"column":5}},"200":{"start":{"line":201,"column":0},"end":{"line":201,"column":3}},"201":{"start":{"line":202,"column":0},"end":{"line":202,"column":0}},"202":{"start":{"line":203,"column":0},"end":{"line":203,"column":14}},"203":{"start":{"line":204,"column":0},"end":{"line":204,"column":2}},"204":{"start":{"line":205,"column":0},"end":{"line":205,"column":0}},"205":{"start":{"line":206,"column":0},"end":{"line":206,"column":62}},"206":{"start":{"line":207,"column":0},"end":{"line":207,"column":62}},"207":{"start":{"line":208,"column":0},"end":{"line":208,"column":15}},"208":{"start":{"line":209,"column":0},"end":{"line":209,"column":18}},"209":{"start":{"line":210,"column":0},"end":{"line":210,"column":3}},"210":{"start":{"line":211,"column":0},"end":{"line":211,"column":0}},"211":{"start":{"line":212,"column":0},"end":{"line":212,"column":37}},"212":{"start":{"line":213,"column":0},"end":{"line":213,"column":29}},"213":{"start":{"line":214,"column":0},"end":{"line":214,"column":0}},"214":{"start":{"line":215,"column":0},"end":{"line":215,"column":20}},"215":{"start":{"line":216,"column":0},"end":{"line":216,"column":53}},"216":{"start":{"line":217,"column":0},"end":{"line":217,"column":3}},"217":{"start":{"line":218,"column":0},"end":{"line":218,"column":18}},"218":{"start":{"line":219,"column":0},"end":{"line":219,"column":50}},"219":{"start":{"line":220,"column":0},"end":{"line":220,"column":3}},"220":{"start":{"line":221,"column":0},"end":{"line":221,"column":18}},"221":{"start":{"line":222,"column":0},"end":{"line":222,"column":53}},"222":{"start":{"line":223,"column":0},"end":{"line":223,"column":3}},"223":{"start":{"line":224,"column":0},"end":{"line":224,"column":20}},"224":{"start":{"line":225,"column":0},"end":{"line":225,"column":53}},"225":{"start":{"line":226,"column":0},"end":{"line":226,"column":3}},"226":{"start":{"line":227,"column":0},"end":{"line":227,"column":23}},"227":{"start":{"line":228,"column":0},"end":{"line":228,"column":57}},"228":{"start":{"line":229,"column":0},"end":{"line":229,"column":3}},"229":{"start":{"line":230,"column":0},"end":{"line":230,"column":21}},"230":{"start":{"line":231,"column":0},"end":{"line":231,"column":40}},"231":{"start":{"line":232,"column":0},"end":{"line":232,"column":18}},"232":{"start":{"line":233,"column":0},"end":{"line":233,"column":49}},"233":{"start":{"line":234,"column":0},"end":{"line":234,"column":5}},"234":{"start":{"line":235,"column":0},"end":{"line":235,"column":3}},"235":{"start":{"line":236,"column":0},"end":{"line":236,"column":0}},"236":{"start":{"line":237,"column":0},"end":{"line":237,"column":62}},"237":{"start":{"line":238,"column":0},"end":{"line":238,"column":2}},"238":{"start":{"line":239,"column":0},"end":{"line":239,"column":0}},"239":{"start":{"line":240,"column":0},"end":{"line":240,"column":87}},"240":{"start":{"line":241,"column":0},"end":{"line":241,"column":52}},"241":{"start":{"line":242,"column":0},"end":{"line":242,"column":38}},"242":{"start":{"line":243,"column":0},"end":{"line":243,"column":38}},"243":{"start":{"line":244,"column":0},"end":{"line":244,"column":0}},"244":{"start":{"line":245,"column":0},"end":{"line":245,"column":63}},"245":{"start":{"line":246,"column":0},"end":{"line":246,"column":53}},"246":{"start":{"line":247,"column":0},"end":{"line":247,"column":0}},"247":{"start":{"line":248,"column":0},"end":{"line":248,"column":23}},"248":{"start":{"line":249,"column":0},"end":{"line":249,"column":38}},"249":{"start":{"line":250,"column":0},"end":{"line":250,"column":66}},"250":{"start":{"line":251,"column":0},"end":{"line":251,"column":3}},"251":{"start":{"line":252,"column":0},"end":{"line":252,"column":20}},"252":{"start":{"line":253,"column":0},"end":{"line":253,"column":15}},"253":{"start":{"line":254,"column":0},"end":{"line":254,"column":0}},"254":{"start":{"line":255,"column":0},"end":{"line":255,"column":10}},"255":{"start":{"line":256,"column":0},"end":{"line":256,"column":39}},"256":{"start":{"line":257,"column":0},"end":{"line":257,"column":109}},"257":{"start":{"line":258,"column":0},"end":{"line":258,"column":0}},"258":{"start":{"line":259,"column":0},"end":{"line":259,"column":35}},"259":{"start":{"line":260,"column":0},"end":{"line":260,"column":115}},"260":{"start":{"line":261,"column":0},"end":{"line":261,"column":0}},"261":{"start":{"line":262,"column":0},"end":{"line":262,"column":49}},"262":{"start":{"line":263,"column":0},"end":{"line":263,"column":55}},"263":{"start":{"line":264,"column":0},"end":{"line":264,"column":73}},"264":{"start":{"line":265,"column":0},"end":{"line":265,"column":73}},"265":{"start":{"line":266,"column":0},"end":{"line":266,"column":101}},"266":{"start":{"line":267,"column":0},"end":{"line":267,"column":68}},"267":{"start":{"line":268,"column":0},"end":{"line":268,"column":0}},"268":{"start":{"line":269,"column":0},"end":{"line":269,"column":15}},"269":{"start":{"line":270,"column":0},"end":{"line":270,"column":54}},"270":{"start":{"line":271,"column":0},"end":{"line":271,"column":16}},"271":{"start":{"line":272,"column":0},"end":{"line":272,"column":112}},"272":{"start":{"line":273,"column":0},"end":{"line":273,"column":0}},"273":{"start":{"line":274,"column":0},"end":{"line":274,"column":30}},"274":{"start":{"line":275,"column":0},"end":{"line":275,"column":111}},"275":{"start":{"line":276,"column":0},"end":{"line":276,"column":63}},"276":{"start":{"line":277,"column":0},"end":{"line":277,"column":0}},"277":{"start":{"line":278,"column":0},"end":{"line":278,"column":38}},"278":{"start":{"line":279,"column":0},"end":{"line":279,"column":87}},"279":{"start":{"line":280,"column":0},"end":{"line":280,"column":61}},"280":{"start":{"line":281,"column":0},"end":{"line":281,"column":72}},"281":{"start":{"line":282,"column":0},"end":{"line":282,"column":0}},"282":{"start":{"line":283,"column":0},"end":{"line":283,"column":22}},"283":{"start":{"line":284,"column":0},"end":{"line":284,"column":81}},"284":{"start":{"line":285,"column":0},"end":{"line":285,"column":72}},"285":{"start":{"line":286,"column":0},"end":{"line":286,"column":0}},"286":{"start":{"line":287,"column":0},"end":{"line":287,"column":26}},"287":{"start":{"line":288,"column":0},"end":{"line":288,"column":61}},"288":{"start":{"line":289,"column":0},"end":{"line":289,"column":48}},"289":{"start":{"line":290,"column":0},"end":{"line":290,"column":3}},"290":{"start":{"line":291,"column":0},"end":{"line":291,"column":20}},"291":{"start":{"line":292,"column":0},"end":{"line":292,"column":15}},"292":{"start":{"line":293,"column":0},"end":{"line":293,"column":2}},"293":{"start":{"line":294,"column":0},"end":{"line":294,"column":0}},"294":{"start":{"line":295,"column":0},"end":{"line":295,"column":87}},"295":{"start":{"line":296,"column":0},"end":{"line":296,"column":37}},"296":{"start":{"line":297,"column":0},"end":{"line":297,"column":10}},"297":{"start":{"line":298,"column":0},"end":{"line":298,"column":42}},"298":{"start":{"line":299,"column":0},"end":{"line":299,"column":35}},"299":{"start":{"line":300,"column":0},"end":{"line":300,"column":74}},"300":{"start":{"line":301,"column":0},"end":{"line":301,"column":68}},"301":{"start":{"line":302,"column":0},"end":{"line":302,"column":84}},"302":{"start":{"line":303,"column":0},"end":{"line":303,"column":49}},"303":{"start":{"line":304,"column":0},"end":{"line":304,"column":58}},"304":{"start":{"line":305,"column":0},"end":{"line":305,"column":50}},"305":{"start":{"line":306,"column":0},"end":{"line":306,"column":51}},"306":{"start":{"line":307,"column":0},"end":{"line":307,"column":57}},"307":{"start":{"line":308,"column":0},"end":{"line":308,"column":70}},"308":{"start":{"line":309,"column":0},"end":{"line":309,"column":62}},"309":{"start":{"line":310,"column":0},"end":{"line":310,"column":38}},"310":{"start":{"line":311,"column":0},"end":{"line":311,"column":3}},"311":{"start":{"line":312,"column":0},"end":{"line":312,"column":20}},"312":{"start":{"line":313,"column":0},"end":{"line":313,"column":15}},"313":{"start":{"line":314,"column":0},"end":{"line":314,"column":2}},"314":{"start":{"line":315,"column":0},"end":{"line":315,"column":0}},"315":{"start":{"line":316,"column":0},"end":{"line":316,"column":27}},"316":{"start":{"line":317,"column":0},"end":{"line":317,"column":15}},"317":{"start":{"line":318,"column":0},"end":{"line":318,"column":18}},"318":{"start":{"line":319,"column":0},"end":{"line":319,"column":2}},"319":{"start":{"line":320,"column":0},"end":{"line":320,"column":0}},"320":{"start":{"line":321,"column":0},"end":{"line":321,"column":75}},"321":{"start":{"line":322,"column":0},"end":{"line":322,"column":42}},"322":{"start":{"line":323,"column":0},"end":{"line":323,"column":16}},"323":{"start":{"line":324,"column":0},"end":{"line":324,"column":3}},"324":{"start":{"line":325,"column":0},"end":{"line":325,"column":68}},"325":{"start":{"line":326,"column":0},"end":{"line":326,"column":76}},"326":{"start":{"line":327,"column":0},"end":{"line":327,"column":16}},"327":{"start":{"line":328,"column":0},"end":{"line":328,"column":0}},"328":{"start":{"line":329,"column":0},"end":{"line":329,"column":17}},"329":{"start":{"line":330,"column":0},"end":{"line":330,"column":16}},"330":{"start":{"line":331,"column":0},"end":{"line":331,"column":3}},"331":{"start":{"line":332,"column":0},"end":{"line":332,"column":0}},"332":{"start":{"line":333,"column":0},"end":{"line":333,"column":73}},"333":{"start":{"line":334,"column":0},"end":{"line":334,"column":86}},"334":{"start":{"line":335,"column":0},"end":{"line":335,"column":24}},"335":{"start":{"line":336,"column":0},"end":{"line":336,"column":16}},"336":{"start":{"line":337,"column":0},"end":{"line":337,"column":3}},"337":{"start":{"line":338,"column":0},"end":{"line":338,"column":25}},"338":{"start":{"line":339,"column":0},"end":{"line":339,"column":2}},"339":{"start":{"line":340,"column":0},"end":{"line":340,"column":0}},"340":{"start":{"line":341,"column":0},"end":{"line":341,"column":25}},"341":{"start":{"line":342,"column":0},"end":{"line":342,"column":19}},"342":{"start":{"line":343,"column":0},"end":{"line":343,"column":21}},"343":{"start":{"line":344,"column":0},"end":{"line":344,"column":18}},"344":{"start":{"line":345,"column":0},"end":{"line":345,"column":23}},"345":{"start":{"line":346,"column":0},"end":{"line":346,"column":2}},"346":{"start":{"line":347,"column":0},"end":{"line":347,"column":0}},"347":{"start":{"line":348,"column":0},"end":{"line":348,"column":34}},"348":{"start":{"line":349,"column":0},"end":{"line":349,"column":0}},"349":{"start":{"line":350,"column":0},"end":{"line":350,"column":88}},"350":{"start":{"line":351,"column":0},"end":{"line":351,"column":43}},"351":{"start":{"line":352,"column":0},"end":{"line":352,"column":43}},"352":{"start":{"line":353,"column":0},"end":{"line":353,"column":0}},"353":{"start":{"line":354,"column":0},"end":{"line":354,"column":17}},"354":{"start":{"line":355,"column":0},"end":{"line":355,"column":16}},"355":{"start":{"line":356,"column":0},"end":{"line":356,"column":3}},"356":{"start":{"line":357,"column":0},"end":{"line":357,"column":52}},"357":{"start":{"line":358,"column":0},"end":{"line":358,"column":2}},"358":{"start":{"line":359,"column":0},"end":{"line":359,"column":0}},"359":{"start":{"line":360,"column":0},"end":{"line":360,"column":39}},"360":{"start":{"line":361,"column":0},"end":{"line":361,"column":12}},"361":{"start":{"line":362,"column":0},"end":{"line":362,"column":7}},"362":{"start":{"line":363,"column":0},"end":{"line":363,"column":9}},"363":{"start":{"line":364,"column":0},"end":{"line":364,"column":14}},"364":{"start":{"line":365,"column":0},"end":{"line":365,"column":4}},"365":{"start":{"line":366,"column":0},"end":{"line":366,"column":39}},"366":{"start":{"line":367,"column":0},"end":{"line":367,"column":15}},"367":{"start":{"line":368,"column":0},"end":{"line":368,"column":17}},"368":{"start":{"line":369,"column":0},"end":{"line":369,"column":23}},"369":{"start":{"line":370,"column":0},"end":{"line":370,"column":7}},"370":{"start":{"line":371,"column":0},"end":{"line":371,"column":74}},"371":{"start":{"line":372,"column":0},"end":{"line":372,"column":79}},"372":{"start":{"line":373,"column":0},"end":{"line":373,"column":100}},"373":{"start":{"line":374,"column":0},"end":{"line":374,"column":51}},"374":{"start":{"line":375,"column":0},"end":{"line":375,"column":34}},"375":{"start":{"line":376,"column":0},"end":{"line":376,"column":0}},"376":{"start":{"line":377,"column":0},"end":{"line":377,"column":12}},"377":{"start":{"line":378,"column":0},"end":{"line":378,"column":14}},"378":{"start":{"line":379,"column":0},"end":{"line":379,"column":5}},"379":{"start":{"line":380,"column":0},"end":{"line":380,"column":46}},"380":{"start":{"line":381,"column":0},"end":{"line":381,"column":26}},"381":{"start":{"line":382,"column":0},"end":{"line":382,"column":13}},"382":{"start":{"line":383,"column":0},"end":{"line":383,"column":17}},"383":{"start":{"line":384,"column":0},"end":{"line":384,"column":62}},"384":{"start":{"line":385,"column":0},"end":{"line":385,"column":6}},"385":{"start":{"line":386,"column":0},"end":{"line":386,"column":20}},"386":{"start":{"line":387,"column":0},"end":{"line":387,"column":4}},"387":{"start":{"line":388,"column":0},"end":{"line":388,"column":0}},"388":{"start":{"line":389,"column":0},"end":{"line":389,"column":55}},"389":{"start":{"line":390,"column":0},"end":{"line":390,"column":44}},"390":{"start":{"line":391,"column":0},"end":{"line":391,"column":67}},"391":{"start":{"line":392,"column":0},"end":{"line":392,"column":46}},"392":{"start":{"line":393,"column":0},"end":{"line":393,"column":62}},"393":{"start":{"line":394,"column":0},"end":{"line":394,"column":14}},"394":{"start":{"line":395,"column":0},"end":{"line":395,"column":29}},"395":{"start":{"line":396,"column":0},"end":{"line":396,"column":7}},"396":{"start":{"line":397,"column":0},"end":{"line":397,"column":14}},"397":{"start":{"line":398,"column":0},"end":{"line":398,"column":20}},"398":{"start":{"line":399,"column":0},"end":{"line":399,"column":8}},"399":{"start":{"line":400,"column":0},"end":{"line":400,"column":22}},"400":{"start":{"line":401,"column":0},"end":{"line":401,"column":6}},"401":{"start":{"line":402,"column":0},"end":{"line":402,"column":3}},"402":{"start":{"line":403,"column":0},"end":{"line":403,"column":0}},"403":{"start":{"line":404,"column":0},"end":{"line":404,"column":23}},"404":{"start":{"line":405,"column":0},"end":{"line":405,"column":0}},"405":{"start":{"line":406,"column":0},"end":{"line":406,"column":10}},"406":{"start":{"line":407,"column":0},"end":{"line":407,"column":11}},"407":{"start":{"line":408,"column":0},"end":{"line":408,"column":15}},"408":{"start":{"line":409,"column":0},"end":{"line":409,"column":24}},"409":{"start":{"line":410,"column":0},"end":{"line":410,"column":4}},"410":{"start":{"line":411,"column":0},"end":{"line":411,"column":2}},"411":{"start":{"line":412,"column":0},"end":{"line":412,"column":0}},"412":{"start":{"line":413,"column":0},"end":{"line":413,"column":98}},"413":{"start":{"line":414,"column":0},"end":{"line":414,"column":44}},"414":{"start":{"line":415,"column":0},"end":{"line":415,"column":17}},"415":{"start":{"line":416,"column":0},"end":{"line":416,"column":16}},"416":{"start":{"line":417,"column":0},"end":{"line":417,"column":3}},"417":{"start":{"line":418,"column":0},"end":{"line":418,"column":0}},"418":{"start":{"line":419,"column":0},"end":{"line":419,"column":35}},"419":{"start":{"line":420,"column":0},"end":{"line":420,"column":46}},"420":{"start":{"line":421,"column":0},"end":{"line":421,"column":38}},"421":{"start":{"line":422,"column":0},"end":{"line":422,"column":0}},"422":{"start":{"line":423,"column":0},"end":{"line":423,"column":23}},"423":{"start":{"line":424,"column":0},"end":{"line":424,"column":51}},"424":{"start":{"line":425,"column":0},"end":{"line":425,"column":38}},"425":{"start":{"line":426,"column":0},"end":{"line":426,"column":27}},"426":{"start":{"line":427,"column":0},"end":{"line":427,"column":30}},"427":{"start":{"line":428,"column":0},"end":{"line":428,"column":9}},"428":{"start":{"line":429,"column":0},"end":{"line":429,"column":48}},"429":{"start":{"line":430,"column":0},"end":{"line":430,"column":24}},"430":{"start":{"line":431,"column":0},"end":{"line":431,"column":57}},"431":{"start":{"line":432,"column":0},"end":{"line":432,"column":42}},"432":{"start":{"line":433,"column":0},"end":{"line":433,"column":80}},"433":{"start":{"line":434,"column":0},"end":{"line":434,"column":7}},"434":{"start":{"line":435,"column":0},"end":{"line":435,"column":21}},"435":{"start":{"line":436,"column":0},"end":{"line":436,"column":79}},"436":{"start":{"line":437,"column":0},"end":{"line":437,"column":5}},"437":{"start":{"line":438,"column":0},"end":{"line":438,"column":3}},"438":{"start":{"line":439,"column":0},"end":{"line":439,"column":0}},"439":{"start":{"line":440,"column":0},"end":{"line":440,"column":15}},"440":{"start":{"line":441,"column":0},"end":{"line":441,"column":95}},"441":{"start":{"line":442,"column":0},"end":{"line":442,"column":22}},"442":{"start":{"line":443,"column":0},"end":{"line":443,"column":14}},"443":{"start":{"line":444,"column":0},"end":{"line":444,"column":30}},"444":{"start":{"line":445,"column":0},"end":{"line":445,"column":24}},"445":{"start":{"line":446,"column":0},"end":{"line":446,"column":15}},"446":{"start":{"line":447,"column":0},"end":{"line":447,"column":41}},"447":{"start":{"line":448,"column":0},"end":{"line":448,"column":8}},"448":{"start":{"line":449,"column":0},"end":{"line":449,"column":5}},"449":{"start":{"line":450,"column":0},"end":{"line":450,"column":9}},"450":{"start":{"line":451,"column":0},"end":{"line":451,"column":70}},"451":{"start":{"line":452,"column":0},"end":{"line":452,"column":73}},"452":{"start":{"line":453,"column":0},"end":{"line":453,"column":14}},"453":{"start":{"line":454,"column":0},"end":{"line":454,"column":48}},"454":{"start":{"line":455,"column":0},"end":{"line":455,"column":25}},"455":{"start":{"line":456,"column":0},"end":{"line":456,"column":15}},"456":{"start":{"line":457,"column":0},"end":{"line":457,"column":41}},"457":{"start":{"line":458,"column":0},"end":{"line":458,"column":8}},"458":{"start":{"line":459,"column":0},"end":{"line":459,"column":21}},"459":{"start":{"line":460,"column":0},"end":{"line":460,"column":67}},"460":{"s
[...]
57":{"start":{"line":558,"column":0},"end":{"line":558,"column":7}},"558":{"start":{"line":559,"column":0},"end":{"line":559,"column":25}},"559":{"start":{"line":560,"column":0},"end":{"line":560,"column":35}},"560":{"start":{"line":561,"column":0},"end":{"line":561,"column":80}},"561":{"start":{"line":562,"column":0},"end":{"line":562,"column":24}},"562":{"start":{"line":563,"column":0},"end":{"line":563,"column":8}},"563":{"start":{"line":564,"column":0},"end":{"line":564,"column":6}},"564":{"start":{"line":565,"column":0},"end":{"line":565,"column":3}},"565":{"start":{"line":566,"column":0},"end":{"line":566,"column":0}},"566":{"start":{"line":567,"column":0},"end":{"line":567,"column":43}},"567":{"start":{"line":568,"column":0},"end":{"line":568,"column":80}},"568":{"start":{"line":569,"column":0},"end":{"line":569,"column":0}},"569":{"start":{"line":570,"column":0},"end":{"line":570,"column":68}},"570":{"start":{"line":571,"column":0},"end":{"line":571,"column":57}},"571":{"start":{"line":572,"column":0},"end":{"line":572,"column":0}},"572":{"start":{"line":573,"column":0},"end":{"line":573,"column":38}},"573":{"start":{"line":574,"column":0},"end":{"line":574,"column":19}},"574":{"start":{"line":575,"column":0},"end":{"line":575,"column":20}},"575":{"start":{"line":576,"column":0},"end":{"line":576,"column":39}},"576":{"start":{"line":577,"column":0},"end":{"line":577,"column":94}},"577":{"start":{"line":578,"column":0},"end":{"line":578,"column":22}},"578":{"start":{"line":579,"column":0},"end":{"line":579,"column":7}},"579":{"start":{"line":580,"column":0},"end":{"line":580,"column":83}},"580":{"start":{"line":581,"column":0},"end":{"line":581,"column":19}},"581":{"start":{"line":582,"column":0},"end":{"line":582,"column":20}},"582":{"start":{"line":583,"column":0},"end":{"line":583,"column":32}},"583":{"start":{"line":584,"column":0},"end":{"line":584,"column":114}},"584":{"start":{"line":585,"column":0},"end":{"line":585,"column":23}},"585":{"start":{"line":586,"column":0},"end":{"line":586,"column":7}},"586":{"start":{"line":587,"column":0},"end":{"line":587,"column":85}},"587":{"start":{"line":588,"column":0},"end":{"line":588,"column":19}},"588":{"start":{"line":589,"column":0},"end":{"line":589,"column":20}},"589":{"start":{"line":590,"column":0},"end":{"line":590,"column":32}},"590":{"start":{"line":591,"column":0},"end":{"line":591,"column":111}},"591":{"start":{"line":592,"column":0},"end":{"line":592,"column":22}},"592":{"start":{"line":593,"column":0},"end":{"line":593,"column":7}},"593":{"start":{"line":594,"column":0},"end":{"line":594,"column":10}},"594":{"start":{"line":595,"column":0},"end":{"line":595,"column":19}},"595":{"start":{"line":596,"column":0},"end":{"line":596,"column":20}},"596":{"start":{"line":597,"column":0},"end":{"line":597,"column":29}},"597":{"start":{"line":598,"column":0},"end":{"line":598,"column":72}},"598":{"start":{"line":599,"column":0},"end":{"line":599,"column":22}},"599":{"start":{"line":600,"column":0},"end":{"line":600,"column":7}},"600":{"start":{"line":601,"column":0},"end":{"line":601,"column":3}},"601":{"start":{"line":602,"column":0},"end":{"line":602,"column":0}},"602":{"start":{"line":603,"column":0},"end":{"line":603,"column":30}},"603":{"start":{"line":604,"column":0},"end":{"line":604,"column":22}},"604":{"start":{"line":605,"column":0},"end":{"line":605,"column":33}},"605":{"start":{"line":606,"column":0},"end":{"line":606,"column":34}},"606":{"start":{"line":607,"column":0},"end":{"line":607,"column":7}},"607":{"start":{"line":608,"column":0},"end":{"line":608,"column":12}},"608":{"start":{"line":609,"column":0},"end":{"line":609,"column":63}},"609":{"start":{"line":610,"column":0},"end":{"line":610,"column":72}},"610":{"start":{"line":611,"column":0},"end":{"line":611,"column":6}},"611":{"start":{"line":612,"column":0},"end":{"line":612,"column":76}},"612":{"start":{"line":613,"column":0},"end":{"line":613,"column":69}},"613":{"start":{"line":614,"column":0},"end":{"line":614,"column":64}},"614":{"start":{"line":615,"column":0},"end":{"line":615,"column":0}},"615":{"start":{"line":616,"column":0},"end":{"line":616,"column":25}},"616":{"start":{"line":617,"column":0},"end":{"line":617,"column":19}},"617":{"start":{"line":618,"column":0},"end":{"line":618,"column":18}},"618":{"start":{"line":619,"column":0},"end":{"line":619,"column":29}},"619":{"start":{"line":620,"column":0},"end":{"line":620,"column":100}},"620":{"start":{"line":621,"column":0},"end":{"line":621,"column":22}},"621":{"start":{"line":622,"column":0},"end":{"line":622,"column":7}},"622":{"start":{"line":623,"column":0},"end":{"line":623,"column":10}},"623":{"start":{"line":624,"column":0},"end":{"line":624,"column":19}},"624":{"start":{"line":625,"column":0},"end":{"line":625,"column":18}},"625":{"start":{"line":626,"column":0},"end":{"line":626,"column":28}},"626":{"start":{"line":627,"column":0},"end":{"line":627,"column":83}},"627":{"start":{"line":628,"column":0},"end":{"line":628,"column":23}},"628":{"start":{"line":629,"column":0},"end":{"line":629,"column":7}},"629":{"start":{"line":630,"column":0},"end":{"line":630,"column":3}},"630":{"start":{"line":631,"column":0},"end":{"line":631,"column":0}},"631":{"start":{"line":632,"column":0},"end":{"line":632,"column":66}},"632":{"start":{"line":633,"column":0},"end":{"line":633,"column":57}},"633":{"start":{"line":634,"column":0},"end":{"line":634,"column":38}},"634":{"start":{"line":635,"column":0},"end":{"line":635,"column":19}},"635":{"start":{"line":636,"column":0},"end":{"line":636,"column":20}},"636":{"start":{"line":637,"column":0},"end":{"line":637,"column":38}},"637":{"start":{"line":638,"column":0},"end":{"line":638,"column":80}},"638":{"start":{"line":639,"column":0},"end":{"line":639,"column":22}},"639":{"start":{"line":640,"column":0},"end":{"line":640,"column":7}},"640":{"start":{"line":641,"column":0},"end":{"line":641,"column":83}},"641":{"start":{"line":642,"column":0},"end":{"line":642,"column":19}},"642":{"start":{"line":643,"column":0},"end":{"line":643,"column":20}},"643":{"start":{"line":644,"column":0},"end":{"line":644,"column":38}},"644":{"start":{"line":645,"column":0},"end":{"line":645,"column":115}},"645":{"start":{"line":646,"column":0},"end":{"line":646,"column":22}},"646":{"start":{"line":647,"column":0},"end":{"line":647,"column":7}},"647":{"start":{"line":648,"column":0},"end":{"line":648,"column":85}},"648":{"start":{"line":649,"column":0},"end":{"line":649,"column":19}},"649":{"start":{"line":650,"column":0},"end":{"line":650,"column":20}},"650":{"start":{"line":651,"column":0},"end":{"line":651,"column":39}},"651":{"start":{"line":652,"column":0},"end":{"line":652,"column":116}},"652":{"start":{"line":653,"column":0},"end":{"line":653,"column":23}},"653":{"start":{"line":654,"column":0},"end":{"line":654,"column":7}},"654":{"start":{"line":655,"column":0},"end":{"line":655,"column":10}},"655":{"start":{"line":656,"column":0},"end":{"line":656,"column":19}},"656":{"start":{"line":657,"column":0},"end":{"line":657,"column":20}},"657":{"start":{"line":658,"column":0},"end":{"line":658,"column":30}},"658":{"start":{"line":659,"column":0},"end":{"line":659,"column":74}},"659":{"start":{"line":660,"column":0},"end":{"line":660,"column":22}},"660":{"start":{"line":661,"column":0},"end":{"line":661,"column":7}},"661":{"start":{"line":662,"column":0},"end":{"line":662,"column":3}},"662":{"start":{"line":663,"column":0},"end":{"line":663,"column":0}},"663":{"start":{"line":664,"column":0},"end":{"line":664,"column":83}},"664":{"start":{"line":665,"column":0},"end":{"line":665,"column":44}},"665":{"start":{"line":666,"column":0},"end":{"line":666,"column":51}},"666":{"start":{"line":667,"column":0},"end":{"line":667,"column":19}},"667":{"start":{"line":668,"column":0},"end":{"line":668,"column":19}},"668":{"start":{"line":669,"column":0},"end":{"line":669,"column":35}},"669":{"start":{"line":670,"column":0},"end":{"line":670,"column":98}},"670":{"start":{"line":671,"column":0},"end":{"line":671,"column":22}},"671":{"start":{"line":672,"column":0},"end":{"line":672,"column":7}},"672":{"start":{"line":673,"column":0},"end":{"line":673,"column":37}},"673":{"start":{"line":674,"column":0},"end":{"line":674,"column":19}},"674":{"start":{"line":675,"column":0},"end":{"line":675,"column":19}},"675":{"start":{"line":676,"column":0},"end":{"line":676,"column":37}},"676":{"start":{"line":677,"column":0},"end":{"line":677,"column":103}},"677":{"start":{"line":678,"column":0},"end":{"line":678,"column":23}},"678":{"start":{"line":679,"column":0},"end":{"line":679,"column":7}},"679":{"start":{"line":680,"column":0},"end":{"line":680,"column":3}},"680":{"start":{"line":681,"column":0},"end":{"line":681,"column":0}},"681":{"start":{"line":682,"column":0},"end":{"line":682,"column":30}},"682":{"start":{"line":683,"column":0},"end":{"line":683,"column":2}}},"s":{"0":0,"1":0,"2":0,"3":0,"4":0,"5":0,"6":0,"7":0,"8":0,"9":0,"10":0,"11":0,"12":0,"13":0,"14":0,"15":0,"16":0,"17":0,"18":0,"19":0,"20":0,"21":0,"22":0,"23":0,"24":0,"25":0,"26":0,"27":0,"28":0,"29":0,"30":0,"31":0,"32":0,"33":0,"34":0,"35":0,"36":0,"37":0,"38":0,"39":0,"40":0,"41":0,"42":0,"43":0,"44":0,"45":0,"46":0,"47":0,"48":0,"49":0,"50":0,"51":0,"52":0,"53":0,"54":0,"55":0,"56":0,"57":0,"58":0,"59":0,"60":0,"61":0,"62":0,"63":0,"64":0,"65":0,"66":0,"67":0,"68":0,"69":0,"70":0,"71":0,"72":0,"73":0,"74":0,"75":0,"76":0,"77":0,"78":0,"79":0,"80":0,"81":0,"82":0,"83":0,"84":0,"85":0,"86":0,"87":0,"88":0,"89":0,"90":0,"91":0,"92":0,"93":0,"94":0,"95":0,"96":0,"97":0,"98":0,"99":0,"100":0,"101":0,"102":0,"103":0,"104":0,"105":0,"106":0,"107":0,"108":0,"109":0,"110":0,"111":0,"112":0,"113":0,"114":0,"115":0,"116":0,"117":0,"118":0,"119":0,"120":0,"121":0,"122":0,"123":0,"124":0,"125":0,"126":0,"127":0,"128":0,"129":0,"130":0,"131":0,"132":0,"133":0,"134":0,"135":0,"136":0,"137":0,"138":0,"139":0,"140":0,"141":0,"142":0,"143":0,"144":0,"145":0,"146":0,"147":0,"148":0,"149":0,"150":0,"151":0,"152":0,"153":0,"154":0,"155":0,"156":0,"157":0,"158":0,"159":0,"160":0,"161":0,"162":0,"163":0,"164":0,"165":0,"166":0,"167":0,"168":0,"169":0,"170":0,"171":0,"172":0,"173":0,"174":0,"175":0,"176":0,"177":0,"178":0,"179":0,"180":0,"181":0,"182":0,"183":0,"184":0,"185":0,"186":0,"187":0,"188":0,"189":0,"190":0,"191":0,"192":0,"193":0,"194":0,"195":0,"196":0,"197":0,"198":0,"199":0,"200":0,"201":0,"202":0,"203":0,"204":0,"205":0,"206":0,"207":0,"208":0,"209":0,"210":0,"211":0,"212":0,"213":0,"214":0,"215":0,"216":0,"217":0,"218":0,"219":0,"220":0,"221":0,"222":0,"223":0,"224":0,"225":0,"226":0,"227":0,"228":0,"229":0,"230":0,"231":0,"232":0,"233":0,"234":0,"235":0,"236":0,"237":0,"238":0,"239":0,"240":0,"241":0,"242":0,"243":0,"244":0,"245":0,"246":0,"247":0,"248":0,"249":0,"250":0,"251":0,"252":0,"253":0,"254":0,"255":0,"256":0,"257":0,"258":0,"259":0,"260":0,"261":0,"262":0,"263":0,"264":0,"265":0,"266":0,"267":0,"268":0,"269":0,"270":0,"271":0,"272":0,"273":0,"274":0,"275":0,"276":0,"277":0,"278":0,"279":0,"280":0,"281":0,"282":0,"283":0,"284":0,"285":0,"286":0,"287":0,"288":0,"289":0,"290":0,"291":0,"292":0,"293":0,"294":0,"295":0,"296":0,"297":0,"298":0,"299":0,"300":0,"301":0,"302":0,"303":0,"304":0,"305":0,"306":0,"307":0,"308":0,"309":0,"310":0,"311":0,"312":0,"313":0,"314":0,"315":0,"316":0,"317":0,"318":0,"319":0,"320":0,"321":0,"322":0,"323":0,"324":0,"325":0,"326":0,"327":0,"328":0,"329":0,"330":0,"331":0,"332":0,"333":0,"334":0,"335":0,"336":0,"337":0,"338":0,"339":0,"340":0,"341":0,"342":0,"343":0,"344":0,"345":0,"346":0,"347":0,"348":0,"349":0,"350":0,"351":0,"352":0,"353":0,"354":0,"355":0,"356":0,"357":0,"358":0,"359":0,"360":0,"361":0,"362":0,"363":0,"364":0,"365":0,"366":0,"367":0,"368":0,"369":0,"370":0,"371":0,"372":0,"373":0,"374":0,"375":0,"376":0,"377":0,"378":0,"379":0,"380":0,"381":0,"382":0,"383":0,"384":0,"385":0,"386":0,"387":0,"388":0,"389":0,"390":0,"391":0,"392":0,"393":0,"394":0,"395":0,"396":0,"397":0,"398":0,"399":0,"400":0,"401":0,"402":0,"403":0,"404":0,"405":0,"406":0,"407":0,"408":0,"409":0,"410":0,"411":0,"412":0,"413":0,"414":0,"415":0,"416":0,"417":0,"418":0,"419":0,"420":0,"421":0,"422":0,"423":0,"424":0,"425":0,"426":0,"427":0,"428":0,"429":0,"430":0,"431":0,"432":0,"433":0,"434":0,"435":0,"436":0,"437":0,"438":0,"439":0,"440":0,"441":0,"442":0,"443":0,"444":0,"445":0,"446":0,"447":0,"448":0,"449":0,"450":0,"451":0,"452":0,"453":0,"454":0,"455":0,"456":0,"457":0,"458":0,"459":0,"460":0,"461":0,"462":0,"463":0,"464":0,"465":0,"466":0,"467":0,"468":0,"469":0,"470":0,"471":0,"472":0,"473":0,"474":0,"475":0,"476":0,"477":0,"478":0,"479":0,"480":0,"481":0,"482":0,"483":0,"484":0,"485":0,"486":0,"487":0,"488":0,"489":0,"490":0,"491":0,"492":0,"493":0,"494":0,"495":0,"496":0,"497":0,"498":0,"499":0,"500":0,"501":0,"502":0,"503":0,"504":0,"505":0,"506":0,"507":0,"508":0,"509":0,"510":0,"511":0,"512":0,"513":0,"514":0,"515":0,"516":0,"517":0,"518":0,"519":0,"520":0,"521":0,"522":0,"523":0,"524":0,"525":0,"526":0,"527":0,"528":0,"529":0,"530":0,"531":0,"532":0,"533":0,"534":0,"535":0,"536":0,"537":0,"538":0,"539":0,"540":0,"541":0,"542":0,"543":0,"544":0,"545":0,"546":0,"547":0,"548":0,"549":0,"550":0,"551":0,"552":0,"553":0,"554":0,"555":0,"556":0,"557":0,"558":0,"559":0,"560":0,"561":0,"562":0,"563":0,"564":0,"565":0,"566":0,"567":0,"568":0,"569":0,"570":0,"571":0,"572":0,"573":0,"574":0,"575":0,"576":0,"577":0,"578":0,"579":0,"580":0,"581":0,"582":0,"583":0,"584":0,"585":0,"586":0,"587":0,"588":0,"589":0,"590":0,"591":0,"592":0,"593":0,"594":0,"595":0,"596":0,"597":0,"598":0,"599":0,"600":0,"601":0,"602":0,"603":0,"604":0,"605":0,"606":0,"607":0,"608":0,"609":0,"610":0,"611":0,"612":0,"613":0,"614":0,"615":0,"616":0,"617":0,"618":0,"619":0,"620":0,"621":0,"622":0,"623":0,"624":0,"625":0,"626":0,"627":0,"628":0,"629":0,"630":0,"631":0,"632":0,"633":0,"634":0,"635":0,"636":0,"637":0,"638":0,"639":0,"640":0,"641":0,"642":0,"643":0,"644":0,"645":0,"646":0,"647":0,"648":0,"649":0,"650":0,"651":0,"652":0,"653":0,"654":0,"655":0,"656":0,"657":0,"658":0,"659":0,"660":0,"661":0,"662":0,"663":0,"664":0,"665":0,"666":0,"667":0,"668":0,"669":0,"670":0,"671":0,"672":0,"673":0,"674":0,"675":0,"676":0,"677":0,"678":0,"679":0,"680":0,"681":0,"682":0},"branchMap":{"0":{"type":"branch","line":1,"loc":{"start":{"line":1,"column":0},"end":{"line":683,"column":2}},"locations":[{"start":{"line":1,"column":0},"end":{"line":683,"column":2}}]}},"b":{"0":[0]},"fnMap":{"0":{"name":"(empty-report)","decl":{"start":{"line":1,"column":0},"end":{"line":683,"column":2}},"loc":{"start":{"line":1,"column":0},"end":{"line":683,"column":2}},"line":1}},"f":{"0":0}}
,"/Users/alexandrepumpalovic/Desktop/Dev/projet/pecWebEtMobile/next/src/app/utils/subscriptionUtils.ts": {"path":"/Users/alexandrepumpalovic/Desktop/Dev/projet/pecWebEtMobile/next/src/app/utils/subscriptionUtils.ts","all":false,"statementMap":{"0":{"start":{"line":1,"column":0},"end":{"line":1,"column":40}},"1":{"start":{"line":2,"column":0},"end":{"line":2,"column":18}},"2":{"start":{"line":3,"column":0},"end":{"line":3,"column":20}},"3":{"start":{"line":4,"column":0},"end":{"line":4,"column":4}},"4":{"start":{"line":5,"column":0},"end":{"line":5,"column":31}},"5":{"start":{"line":6,"column":0},"end":{"line":6,"column":28}},"6":{"start":{"line":7,"column":0},"end":{"line":7,"column":25}},"7":{"start":{"line":8,"column":0},"end":{"line":8,"column":16}},"8":{"start":{"line":9,"column":0},"end":{"line":9,"column":2}},"9":{"start":{"line":10,"column":0},"end":{"line":10,"column":0}},"10":{"start":{"line":11,"column":0},"end":{"line":11,"column":85}},"11":{"start":{"line":12,"column":0},"end":{"line":12,"column":17}},"12":{"start":{"line":13,"column":0},"end":{"line":13,"column":17}},"13":{"start":{"line":14,"column":0},"end":{"line":14,"column":3}},"14":{"start":{"line":15,"column":0},"end":{"line":15,"column":0}},"15":{"start":{"line":16,"column":0},"end":{"line":16,"column":68}},"16":{"start":{"line":17,"column":0},"end":{"line":17,"column":28}},"17":{"start":{"line":18,"column":0},"end":{"line":18,"column":16}},"18":{"start":{"line":19,"column":0},"end":{"line":19,"column":3}},"19":{"start":{"line":20,"column":0},"end":{"line":20,"column":0}},"20":{"start":{"line":21,"column":0},"end":{"line":21,"column":86}},"21":{"start":{"line":22,"column":0},"end":{"line":22,"column":16}},"22":{"start":{"line":23,"column":0},"end":{"line":23,"column":3}},"23":{"start":{"line":24,"column":0},"end":{"line":24,"column":0}},"24":{"start":{"line":25,"column":0},"end":{"line":25,"column":91}},"25":{"start":{"line":26,"column":0},"end":{"line":26,"column":16}},"26":{"start":{"line":27,"column":0},"end":{"line":27,"column":3}},"27":{"start":{"line":28,"column":0},"end":{"line":28,"column":0}},"28":{"start":{"line":29,"column":0},"end":{"line":29,"column":15}},"29":{"start":{"line":30,"column":0},"end":{"line":30,"column":2}}},"s":{"0":1,"1":1,"2":1,"3":1,"4":1,"5":1,"6":1,"7":1,"8":1,"9":1,"10":1,"11":24,"12":2,"13":2,"14":22,"15":24,"16":24,"17":5,"18":5,"19":17,"20":24,"21":7,"22":7,"23":10,"24":24,"25":3,"26":3,"27":7,"28":7,"29":7},"branchMap":{"0":{"type":"branch","line":11,"loc":{"start":{"line":11,"column":37},"end":{"line":30,"column":2}},"locations":[{"start":{"line":11,"column":37},"end":{"line":30,"column":2}}]},"1":{"type":"branch","line":12,"loc":{"start":{"line":12,"column":16},"end":{"line":14,"column":3}},"locations":[{"start":{"line":12,"column":16},"end":{"line":14,"column":3}}]},"2":{"type":"branch","line":14,"loc":{"start":{"line":14,"column":2},"end":{"line":16,"column":37}},"locations":[{"start":{"line":14,"column":2},"end":{"line":16,"column":37}}]},"3":{"type":"branch","line":16,"loc":{"start":{"line":16,"column":37},"end":{"line":16,"column":47}},"locations":[{"start":{"line":16,"column":37},"end":{"line":16,"column":47}}]},"4":{"type":"branch","line":16,"loc":{"start":{"line":16,"column":39},"end":{"line":16,"column":54}},"locations":[{"start":{"line":16,"column":39},"end":{"line":16,"column":54}}]},"5":{"type":"branch","line":17,"loc":{"start":{"line":17,"column":27},"end":{"line":19,"column":3}},"locations":[{"start":{"line":17,"column":27},"end":{"line":19,"column":3}}]},"6":{"type":"branch","line":19,"loc":{"start":{"line":19,"column":2},"end":{"line":21,"column":36}},"locations":[{"start":{"line":19,"column":2},"end":{"line":21,"column":36}}]},"7":{"type":"branch","line":21,"loc":{"start":{"line":21,"column":32},"end":{"line":21,"column":59}},"locations":[{"start":{"line":21,"column":32},"end":{"line":21,"column":59}}]},"8":{"type":"branch","line":21,"loc":{"start":{"line":21,"column":59},"end":{"line":21,"column":83}},"locations":[{"start":{"line":21,"column":59},"end":{"line":21,"column":83}}]},"9":{"type":"branch","line":21,"loc":{"start":{"line":21,"column":85},"end":{"line":23,"column":3}},"locations":[{"start":{"line":21,"column":85},"end":{"line":23,"column":3}}]},"10":{"type":"branch","line":23,"loc":{"start":{"line":23,"column":2},"end":{"line":25,"column":42}},"locations":[{"start":{"line":23,"column":2},"end":{"line":25,"column":42}}]},"11":{"type":"branch","line":25,"loc":{"start":{"line":25,"column":30},"end":{"line":25,"column":90}},"locations":[{"start":{"line":25,"column":30},"end":{"line":25,"column":90}}]},"12":{"type":"branch","line":25,"loc":{"start":{"line":25,"column":90},"end":{"line":27,"column":3}},"locations":[{"start":{"line":25,"column":90},"end":{"line":27,"column":3}}]},"13":{"type":"branch","line":27,"loc":{"start":{"line":27,"column":2},"end":{"line":30,"column":2}},"locations":[{"start":{"line":27,"column":2},"end":{"line":30,"column":2}}]}},"b":{"0":[24],"1":[2],"2":[22],"3":[10],"4":[9],"5":[5],"6":[17],"7":[14],"8":[12],"9":[7],"10":[10],"11":[6],"12":[3],"13":[7]},"fnMap":{"0":{"name":"hasActiveSubscription","decl":{"start":{"line":11,"column":37},"end":{"line":30,"column":2}},"loc":{"start":{"line":11,"column":37},"end":{"line":30,"column":2}},"line":11}},"f":{"0":24}}
}
